<?xml version="1.0" encoding="UTF-8"?>
<testsuite xmlns:xsi="http://www.w3.org/2001/XMLSchema-instance" xsi:noNamespaceSchemaLocation="https://maven.apache.org/surefire/maven-surefire-plugin/xsd/surefire-test-report-3.0.xsd" version="3.0" name="ChatAnyWhere.chatanywhere.ChatanywhereApplicationTests" time="14.338" tests="1" errors="0" skipped="0" failures="0">
  <properties>
[...]
</properties>
  <testcase name="contextLoads" classname="ChatAnyWhere.chatanywhere.ChatanywhereApplicationTests" time="0.935">
    <system-out><![CDATA[16:17:28.123 [main] INFO org.springframework.test.context.support.AnnotationConfigContextLoaderUtils -- Could not detect default configuration classes for test class [ChatAnyWhere.chatanywhere.ChatanywhereApplicationTests]: ChatanywhereApplicationTests does not declare any static, non-private, non-final, nested classes annotated with @Configuration.
16:17:28.321 [main] INFO org.springframework.boot.test.context.SpringBootTestContextBootstrapper -- Found @SpringBootConfiguration ChatAnyWhere.chatanywhere.ChatanywhereApplication for test class ChatAnyWhere.chatanywhere.ChatanywhereApplicationTests

  .   ____          _            __ _ _
 /\\ / ___'_ __ _ _(_)_ __  __ _ \ \ \ \
( ( )\___ | '_ | '_| | '_ \/ _` | \ \ \ \
 \\/  ___)| |_)| | | | | || (_| |  ) ) ) )
  '  |____| .__|_| |_|_| |_\__, | / / / /
 =========|_|==============|___/=/_/_/_/
 :: Spring Boot ::                (v3.2.5)

2024-06-02T16:17:29.164+05:30 DEBUG 25640 --- [kground-preinit] org.jboss.logging                        : Logging Provider: org.jboss.logging.Slf4jLoggerProvider found via system property
2024-06-02T16:17:29.185+05:30 DEBUG 25640 --- [kground-preinit] o.h.v.i.xml.config.ValidationXmlParser   : Trying to load META-INF/validation.xml for XML based Validator configuration.
2024-06-02T16:17:29.187+05:30 DEBUG 25640 --- [kground-preinit] o.h.v.i.xml.config.ResourceLoaderHelper  : Trying to load META-INF/validation.xml via TCCL
2024-06-02T16:17:29.188+05:30 DEBUG 25640 --- [kground-preinit] o.h.v.i.xml.config.ResourceLoaderHelper  : Trying to load META-INF/validation.xml via Hibernate Validator's class loader
2024-06-02T16:17:29.188+05:30 DEBUG 25640 --- [kground-preinit] o.h.v.i.xml.config.ValidationXmlParser   : No META-INF/validation.xml found. Using annotation based configuration only.
2024-06-02T16:17:29.202+05:30 DEBUG 25640 --- [kground-preinit] o.h.v.i.e.resolver.TraversableResolvers  : Found jakarta.persistence.Persistence on classpath containing 'getPersistenceUtil'. Assuming JPA 2 environment. Trying to instantiate JPA aware TraversableResolver
2024-06-02T16:17:29.205+05:30 DEBUG 25640 --- [kground-preinit] o.h.v.i.e.resolver.TraversableResolvers  : Instantiated JPA aware TraversableResolver of type org.hibernate.validator.internal.engine.resolver.JPATraversableResolver.
2024-06-02T16:17:29.208+05:30  INFO 25640 --- [           main] C.c.ChatanywhereApplicationTests         : Starting ChatanywhereApplicationTests using Java 19.0.2 with PID 25640 (started by HEMANTH in C:\Users\HEMANTH\Downloads\chatanywhere\chatanywhere)
2024-06-02T16:17:29.209+05:30 DEBUG 25640 --- [           main] C.c.ChatanywhereApplicationTests         : Running with Spring Boot v3.2.5, Spring v6.1.6
2024-06-02T16:17:29.210+05:30  INFO 25640 --- [           main] C.c.ChatanywhereApplicationTests         : No active profile set, falling back to 1 default profile: "default"
2024-06-02T16:17:29.211+05:30 DEBUG 25640 --- [           main] o.s.boot.SpringApplication               : Loading source class ChatAnyWhere.chatanywhere.ChatanywhereApplication
2024-06-02T16:17:29.255+05:30 DEBUG 25640 --- [kground-preinit] .h.v.m.ResourceBundleMessageInterpolator : Loaded expression factory via original TCCL
2024-06-02T16:17:29.266+05:30 DEBUG 25640 --- [           main] o.s.w.c.s.GenericWebApplicationContext   : Refreshing org.springframework.web.context.support.GenericWebApplicationContext@615f972
2024-06-02T16:17:29.307+05:30 DEBUG 25640 --- [           main] o.s.b.f.s.DefaultListableBeanFactory     : Creating shared instance of singleton bean 'org.springframework.context.annotation.internalConfigurationAnnotationProcessor'
2024-06-02T16:17:29.336+05:30 DEBUG 25640 --- [           main] o.s.b.f.s.DefaultListableBeanFactory     : Creating shared instance of singleton bean 'org.springframework.boot.autoconfigure.internalCachingMetadataReaderFactory'
2024-06-02T16:17:29.409+05:30 DEBUG 25640 --- [           main] o.s.c.a.ClassPathBeanDefinitionScanner   : Identified candidate component class: file [C:\Users\HEMANTH\Downloads\chatanywhere\chatanywhere\target\classes\ChatAnyWhere\chatanywhere\config\Config.class]
2024-06-02T16:17:29.437+05:30 DEBUG 25640 --- [           main] o.s.c.a.ClassPathBeanDefinitionScanner   : Identified candidate component class: file [C:\Users\HEMANTH\Downloads\chatanywhere\chatanywhere\target\classes\ChatAnyWhere\chatanywhere\controller\EmailController.class]
2024-06-02T16:17:29.439+05:30 DEBUG 25640 --- [           main] o.s.c.a.ClassPathBeanDefinitionScanner   : Identified candidate component class: file [C:\Users\HEMANTH\Downloads\chatanywhere\chatanywhere\target\classes\ChatAnyWhere\chatanywhere\controller\MessageController.class]
2024-06-02T16:17:29.444+05:30 DEBUG 25640 --- [           main] o.s.c.a.ClassPathBeanDefinitionScanner   : Identified candidate component class: file [C:\Users\HEMANTH\Downloads\chatanywhere\chatanywhere\target\classes\ChatAnyWhere\chatanywhere\controller\UserController.class]
2024-06-02T16:17:29.463+05:30 DEBUG 25640 --- [           main] o.s.c.a.ClassPathBeanDefinitionScanner   : Identified candidate component class: file [C:\Users\HEMANTH\Downloads\chatanywhere\chatanywhere\target\classes\ChatAnyWhere\chatanywhere\exceptions\GlobalExceptionsHandler.class]
2024-06-02T16:17:29.487+05:30 DEBUG 25640 --- [kground-preinit] .i.e.ValidatorFactoryConfigurationHelper : HV000252: Using org.hibernate.validator.internal.engine.DefaultPropertyNodeNameProvider as property node name provider.
2024-06-02T16:17:29.494+05:30 DEBUG 25640 --- [           main] o.s.c.a.ClassPathBeanDefinitionScanner   : Identified candidate component class: file [C:\Users\HEMANTH\Downloads\chatanywhere\chatanywhere\target\classes\ChatAnyWhere\chatanywhere\models\OtpGenerator.class]
2024-06-02T16:17:29.502+05:30 DEBUG 25640 --- [kground-preinit] .i.e.ValidatorFactoryConfigurationHelper : HV000234: Using org.hibernate.validator.messageinterpolation.ResourceBundleMessageInterpolator as ValidatorFactory-scoped message interpolator.
2024-06-02T16:17:29.503+05:30 DEBUG 25640 --- [kground-preinit] .i.e.ValidatorFactoryConfigurationHelper : HV000234: Using org.hibernate.validator.internal.engine.resolver.JPATraversableResolver as ValidatorFactory-scoped traversable resolver.
2024-06-02T16:17:29.503+05:30 DEBUG 25640 --- [kground-preinit] .i.e.ValidatorFactoryConfigurationHelper : HV000234: Using org.hibernate.validator.internal.util.ExecutableParameterNameProvider as ValidatorFactory-scoped parameter name provider.
2024-06-02T16:17:29.504+05:30 DEBUG 25640 --- [kground-preinit] .i.e.ValidatorFactoryConfigurationHelper : HV000234: Using org.hibernate.validator.internal.engine.DefaultClockProvider as ValidatorFactory-scoped clock provider.
2024-06-02T16:17:29.504+05:30 DEBUG 25640 --- [kground-preinit] .i.e.ValidatorFactoryConfigurationHelper : HV000234: Using org.hibernate.validator.internal.engine.scripting.DefaultScriptEvaluatorFactory as ValidatorFactory-scoped script evaluator factory.
2024-06-02T16:17:29.506+05:30 DEBUG 25640 --- [           main] o.s.c.a.ClassPathBeanDefinitionScanner   : Identified candidate component class: file [C:\Users\HEMANTH\Downloads\chatanywhere\chatanywhere\target\classes\ChatAnyWhere\chatanywhere\service\EmailService.class]
2024-06-02T16:17:29.507+05:30 DEBUG 25640 --- [           main] o.s.c.a.ClassPathBeanDefinitionScanner   : Identified candidate component class: file [C:\Users\HEMANTH\Downloads\chatanywhere\chatanywhere\target\classes\ChatAnyWhere\chatanywhere\service\MessageService.class]
2024-06-02T16:17:29.509+05:30 DEBUG 25640 --- [           main] o.s.c.a.ClassPathBeanDefinitionScanner   : Identified candidate component class: file [C:\Users\HEMANTH\Downloads\chatanywhere\chatanywhere\target\classes\ChatAnyWhere\chatanywhere\service\UserService.class]
2024-06-02T16:17:30.669+05:30  INFO 25640 --- [           main] .s.d.r.c.RepositoryConfigurationDelegate : Bootstrapping Spring Data JPA repositories in DEFAULT mode.
2024-06-02T16:17:30.685+05:30 DEBUG 25640 --- [           main] o.s.b.f.s.DefaultListableBeanFactory     : Creating shared instance of singleton bean 'org.springframework.boot.autoconfigure.AutoConfigurationPackages'
2024-06-02T16:17:30.704+05:30 DEBUG 25640 --- [           main] o.s.b.a.AutoConfigurationPackages        : @EnableAutoConfiguration was declared on a class in the package 'ChatAnyWhere.chatanywhere'. Automatic @Repository and @Entity scanning is enabled.
2024-06-02T16:17:30.706+05:30 DEBUG 25640 --- [           main] .s.d.r.c.RepositoryConfigurationDelegate : Scanning for JPA repositories in packages ChatAnyWhere.chatanywhere.
2024-06-02T16:17:30.724+05:30 DEBUG 25640 --- [           main] o.s.d.r.c.RepositoryComponentProvider    : Identified candidate component class: file [C:\Users\HEMANTH\Downloads\chatanywhere\chatanywhere\target\classes\ChatAnyWhere\chatanywhere\repository\FriendRepository.class]
2024-06-02T16:17:30.725+05:30 DEBUG 25640 --- [           main] o.s.d.r.c.RepositoryComponentProvider    : Identified candidate component class: file [C:\Users\HEMANTH\Downloads\chatanywhere\chatanywhere\target\classes\ChatAnyWhere\chatanywhere\repository\MessageRepository.class]
2024-06-02T16:17:30.725+05:30 DEBUG 25640 --- [           main] o.s.d.r.c.RepositoryComponentProvider    : Identified candidate component class: file [C:\Users\HEMANTH\Downloads\chatanywhere\chatanywhere\target\classes\ChatAnyWhere\chatanywhere\repository\UserRepository.class]
2024-06-02T16:17:30.787+05:30  INFO 25640 --- [           main] .s.d.r.c.RepositoryConfigurationDelegate : Finished Spring Data repository scanning in 79 ms. Found 3 JPA repository interfaces.
2024-06-02T16:17:31.105+05:30 DEBUG 25640 --- [           main] o.s.b.f.s.DefaultListableBeanFactory     : Creating shared instance of singleton bean 'propertySourcesPlaceholderConfigurer'
2024-06-02T16:17:31.111+05:30 DEBUG 25640 --- [           main] o.s.b.f.s.DefaultListableBeanFactory     : Creating shared instance of singleton bean 'org.springframework.boot.test.mock.mockito.MockitoPostProcessor'
2024-06-02T16:17:31.113+05:30 DEBUG 25640 --- [           main] o.s.b.f.s.DefaultListableBeanFactory     : Creating shared instance of singleton bean 'emBeanDefinitionRegistrarPostProcessor'
2024-06-02T16:17:31.113+05:30 DEBUG 25640 --- [           main] o.s.b.f.s.DefaultListableBeanFactory     : Creating shared instance of singleton bean 'org.springframework.boot.sql.init.dependency.DatabaseInitializationDependencyConfigurer$DependsOnDatabaseInitializationPostProcessor'
2024-06-02T16:17:31.183+05:30 DEBUG 25640 --- [           main] o.s.b.f.s.DefaultListableBeanFactory     : Creating shared instance of singleton bean 'org.springframework.context.event.internalEventListenerProcessor'
2024-06-02T16:17:31.185+05:30 DEBUG 25640 --- [           main] o.s.b.f.s.DefaultListableBeanFactory     : Creating shared instance of singleton bean 'preserveErrorControllerTargetClassPostProcessor'
2024-06-02T16:17:31.187+05:30 DEBUG 25640 --- [           main] o.s.b.f.s.DefaultListableBeanFactory     : Creating shared instance of singleton bean 'org.springframework.context.event.internalEventListenerFactory'
2024-06-02T16:17:31.188+05:30 DEBUG 25640 --- [           main] o.s.b.f.s.DefaultListableBeanFactory     : Creating shared instance of singleton bean 'org.springframework.transaction.config.internalTransactionalEventListenerFactory'
2024-06-02T16:17:31.193+05:30 DEBUG 25640 --- [           main] o.s.b.f.s.DefaultListableBeanFactory     : Creating shared instance of singleton bean 'org.springframework.boot.test.mock.mockito.MockitoPostProcessor$SpyPostProcessor'
2024-06-02T16:17:31.195+05:30 DEBUG 25640 --- [           main] o.s.b.f.s.DefaultListableBeanFactory     : Creating shared instance of singleton bean 'org.springframework.context.annotation.internalAutowiredAnnotationProcessor'
2024-06-02T16:17:31.198+05:30 DEBUG 25640 --- [           main] o.s.b.f.s.DefaultListableBeanFactory     : Creating shared instance of singleton bean 'org.springframework.context.annotation.internalCommonAnnotationProcessor'
2024-06-02T16:17:31.204+05:30 DEBUG 25640 --- [           main] o.s.b.f.s.DefaultListableBeanFactory     : Creating shared instance of singleton bean 'org.springframework.context.annotation.internalPersistenceAnnotationProcessor'
2024-06-02T16:17:31.205+05:30 DEBUG 25640 --- [           main] o.s.b.f.s.DefaultListableBeanFactory     : Creating shared instance of singleton bean 'org.springframework.boot.context.properties.ConfigurationPropertiesBindingPostProcessor'
2024-06-02T16:17:31.205+05:30 DEBUG 25640 --- [           main] o.s.b.f.s.DefaultListableBeanFactory     : Creating shared instance of singleton bean 'org.springframework.boot.context.internalConfigurationPropertiesBinder'
2024-06-02T16:17:31.209+05:30 DEBUG 25640 --- [           main] o.s.b.f.s.DefaultListableBeanFactory     : Creating shared instance of singleton bean 'jdbcConnectionDetailsHikariBeanPostProcessor'
2024-06-02T16:17:31.214+05:30 DEBUG 25640 --- [           main] o.s.b.f.s.DefaultListableBeanFactory     : Creating shared instance of singleton bean 'methodValidationPostProcessor'
2024-06-02T16:17:31.240+05:30 DEBUG 25640 --- [           main] o.s.b.f.s.DefaultListableBeanFactory     : Autowiring by type from bean name 'methodValidationPostProcessor' via factory method to bean named 'environment'
2024-06-02T16:17:31.243+05:30 DEBUG 25640 --- [           main] o.s.b.f.s.DefaultListableBeanFactory     : Creating shared instance of singleton bean 'org.springframework.boot.context.properties.EnableConfigurationPropertiesRegistrar.methodValidationExcludeFilter'
2024-06-02T16:17:31.273+05:30 DEBUG 25640 --- [           main] o.s.b.f.s.DefaultListableBeanFactory     : Creating shared instance of singleton bean 'org.springframework.aop.config.internalAutoProxyCreator'
2024-06-02T16:17:31.298+05:30 DEBUG 25640 --- [           main] o.s.b.f.s.DefaultListableBeanFactory     : Creating shared instance of singleton bean 'persistenceExceptionTranslationPostProcessor'
2024-06-02T16:17:31.299+05:30 DEBUG 25640 --- [           main] o.s.b.f.s.DefaultListableBeanFactory     : Autowiring by type from bean name 'persistenceExceptionTranslationPostProcessor' via factory method to bean named 'environment'
2024-06-02T16:17:31.302+05:30 DEBUG 25640 --- [           main] o.s.b.f.s.DefaultListableBeanFactory     : Creating shared instance of singleton bean 'webServerFactoryCustomizerBeanPostProcessor'
2024-06-02T16:17:31.303+05:30 DEBUG 25640 --- [           main] o.s.b.f.s.DefaultListableBeanFactory     : Creating shared instance of singleton bean 'errorPageRegistrarBeanPostProcessor'
2024-06-02T16:17:31.304+05:30 DEBUG 25640 --- [           main] o.s.b.f.s.DefaultListableBeanFactory     : Creating shared instance of singleton bean 'projectingArgumentResolverBeanPostProcessor'
2024-06-02T16:17:31.305+05:30 DEBUG 25640 --- [           main] o.s.b.f.s.DefaultListableBeanFactory     : Creating shared instance of singleton bean 'org.springframework.transaction.config.internalTransactionAdvisor'
2024-06-02T16:17:31.305+05:30 DEBUG 25640 --- [           main] o.s.b.f.s.DefaultListableBeanFactory     : Creating shared instance of singleton bean 'org.springframework.transaction.annotation.ProxyTransactionManagementConfiguration'
2024-06-02T16:17:31.321+05:30 DEBUG 25640 --- [           main] o.s.b.f.s.DefaultListableBeanFactory     : Creating shared instance of singleton bean 'transactionAttributeSource'
2024-06-02T16:17:31.323+05:30 DEBUG 25640 --- [           main] o.s.b.f.s.DefaultListableBeanFactory     : Creating shared instance of singleton bean 'transactionInterceptor'
2024-06-02T16:17:31.324+05:30 DEBUG 25640 --- [           main] o.s.b.f.s.DefaultListableBeanFactory     : Autowiring by type from bean name 'transactionInterceptor' via factory method to bean named 'transactionAttributeSource'
2024-06-02T16:17:31.334+05:30 DEBUG 25640 --- [           main] o.s.b.f.s.DefaultListableBeanFactory     : Autowiring by type from bean name 'org.springframework.transaction.config.internalTransactionAdvisor' via factory method to bean named 'transactionAttributeSource'
2024-06-02T16:17:31.334+05:30 DEBUG 25640 --- [           main] o.s.b.f.s.DefaultListableBeanFactory     : Autowiring by type from bean name 'org.springframework.transaction.config.internalTransactionAdvisor' via factory method to bean named 'transactionInterceptor'
2024-06-02T16:17:31.376+05:30 DEBUG 25640 --- [           main] o.s.u.c.s.UiApplicationContextUtils      : Unable to locate ThemeSource with name 'themeSource': using default [org.springframework.ui.context.support.ResourceBundleThemeSource@777d0bc3]
2024-06-02T16:17:31.378+05:30 DEBUG 25640 --- [           main] o.s.b.f.s.DefaultListableBeanFactory     : Creating shared instance of singleton bean 'dataSourceScriptDatabaseInitializer'
2024-06-02T16:17:31.378+05:30 DEBUG 25640 --- [           main] o.s.b.f.s.DefaultListableBeanFactory     : Creating shared instance of singleton bean 'org.springframework.boot.autoconfigure.sql.init.DataSourceInitializationConfiguration'
2024-06-02T16:17:31.380+05:30 DEBUG 25640 --- [           main] o.s.b.f.s.DefaultListableBeanFactory     : Creating shared instance of singleton bean 'dataSource'
2024-06-02T16:17:31.380+05:30 DEBUG 25640 --- [           main] o.s.b.f.s.DefaultListableBeanFactory     : Creating shared instance of singleton bean 'org.springframework.boot.autoconfigure.jdbc.DataSourceConfiguration$Hikari'
2024-06-02T16:17:31.382+05:30 DEBUG 25640 --- [           main] o.s.b.f.s.DefaultListableBeanFactory     : Creating shared instance of singleton bean 'spring.datasource-org.springframework.boot.autoconfigure.jdbc.DataSourceProperties'
2024-06-02T16:17:31.383+05:30 DEBUG 25640 --- [           main] o.s.b.f.s.DefaultListableBeanFactory     : Creating shared instance of singleton bean 'org.springframework.boot.context.properties.BoundConfigurationProperties'
2024-06-02T16:17:31.415+05:30 DEBUG 25640 --- [           main] o.s.b.f.s.DefaultListableBeanFactory     : Creating shared instance of singleton bean 'jdbcConnectionDetails'
2024-06-02T16:17:31.415+05:30 DEBUG 25640 --- [           main] o.s.b.f.s.DefaultListableBeanFactory     : Creating shared instance of singleton bean 'org.springframework.boot.autoconfigure.jdbc.DataSourceAutoConfiguration$PooledDataSourceConfiguration'
2024-06-02T16:17:31.416+05:30 DEBUG 25640 --- [           main] o.s.b.f.s.DefaultListableBeanFactory     : Autowiring by type from bean name 'jdbcConnectionDetails' via factory method to bean named 'spring.datasource-org.springframework.boot.autoconfigure.jdbc.DataSourceProperties'
2024-06-02T16:17:31.419+05:30 DEBUG 25640 --- [           main] o.s.b.f.s.DefaultListableBeanFactory     : Autowiring by type from bean name 'dataSource' via factory method to bean named 'spring.datasource-org.springframework.boot.autoconfigure.jdbc.DataSourceProperties'
2024-06-02T16:17:31.419+05:30 DEBUG 25640 --- [           main] o.s.b.f.s.DefaultListableBeanFactory     : Autowiring by type from bean name 'dataSource' via factory method to bean named 'jdbcConnectionDetails'
2024-06-02T16:17:31.426+05:30 DEBUG 25640 --- [           main] com.zaxxer.hikari.HikariConfig           : Driver class com.mysql.cj.jdbc.Driver found in Thread context class loader jdk.internal.loader.ClassLoaders$AppClassLoader@c387f44
2024-06-02T16:17:31.465+05:30 DEBUG 25640 --- [           main] o.s.b.f.s.DefaultListableBeanFactory     : Creating shared instance of singleton bean 'spring.sql.init-org.springframework.boot.autoconfigure.sql.init.SqlInitializationProperties'
2024-06-02T16:17:31.470+05:30 DEBUG 25640 --- [           main] o.s.b.f.s.DefaultListableBeanFactory     : Autowiring by type from bean name 'dataSourceScriptDatabaseInitializer' via factory method to bean named 'dataSource'
2024-06-02T16:17:31.470+05:30 DEBUG 25640 --- [           main] o.s.b.f.s.DefaultListableBeanFactory     : Autowiring by type from bean name 'dataSourceScriptDatabaseInitializer' via factory method to bean named 'spring.sql.init-org.springframework.boot.autoconfigure.sql.init.SqlInitializationProperties'
2024-06-02T16:17:31.483+05:30 DEBUG 25640 --- [           main] o.s.b.f.s.DefaultListableBeanFactory     : Creating shared instance of singleton bean 'entityManagerFactory'
2024-06-02T16:17:31.483+05:30 DEBUG 25640 --- [           main] o.s.b.f.s.DefaultListableBeanFactory     : Creating shared instance of singleton bean 'org.springframework.boot.autoconfigure.orm.jpa.HibernateJpaConfiguration'
2024-06-02T16:17:31.485+05:30 DEBUG 25640 --- [           main] o.s.b.f.s.DefaultListableBeanFactory     : Creating shared instance of singleton bean 'spring.jpa-org.springframework.boot.autoconfigure.orm.jpa.JpaProperties'
2024-06-02T16:17:31.492+05:30 DEBUG 25640 --- [           main] o.s.b.f.s.DefaultListableBeanFactory     : Creating shared instance of singleton bean 'spring.jpa.hibernate-org.springframework.boot.autoconfigure.orm.jpa.HibernateProperties'
2024-06-02T16:17:31.497+05:30 DEBUG 25640 --- [           main] o.s.b.f.s.DefaultListableBeanFactory     : Autowiring by type from bean name 'org.springframework.boot.autoconfigure.orm.jpa.HibernateJpaConfiguration' via constructor to bean named 'dataSource'
2024-06-02T16:17:31.497+05:30 DEBUG 25640 --- [           main] o.s.b.f.s.DefaultListableBeanFactory     : Autowiring by type from bean name 'org.springframework.boot.autoconfigure.orm.jpa.HibernateJpaConfiguration' via constructor to bean named 'spring.jpa-org.springframework.boot.autoconfigure.orm.jpa.JpaProperties'
2024-06-02T16:17:31.498+05:30 DEBUG 25640 --- [           main] o.s.b.f.s.DefaultListableBeanFactory     : Autowiring by type from bean name 'org.springframework.boot.autoconfigure.orm.jpa.HibernateJpaConfiguration' via constructor to bean named 'org.springframework.beans.factory.support.DefaultListableBeanFactory@c7a977f'
2024-06-02T16:17:31.498+05:30 DEBUG 25640 --- [           main] o.s.b.f.s.DefaultListableBeanFactory     : Autowiring by type from bean name 'org.springframework.boot.autoconfigure.orm.jpa.HibernateJpaConfiguration' via constructor to bean named 'spring.jpa.hibernate-org.springframework.boot.autoconfigure.orm.jpa.HibernateProperties'
2024-06-02T16:17:31.503+05:30 DEBUG 25640 --- [           main] o.s.b.f.s.DefaultListableBeanFactory     : Creating shared instance of singleton bean 'hikariPoolDataSourceMetadataProvider'
2024-06-02T16:17:31.503+05:30 DEBUG 25640 --- [           main] o.s.b.f.s.DefaultListableBeanFactory     : Creating shared instance of singleton bean 'org.springframework.boot.autoconfigure.jdbc.metadata.DataSourcePoolMetadataProvidersConfiguration$HikariPoolDataSourceMetadataProviderConfiguration'
2024-06-02T16:17:31.514+05:30 DEBUG 25640 --- [           main] o.s.b.f.s.DefaultListableBeanFactory     : Creating shared instance of singleton bean 'entityManagerFactoryBuilder'
2024-06-02T16:17:31.516+05:30 DEBUG 25640 --- [           main] o.s.b.f.s.DefaultListableBeanFactory     : Creating shared instance of singleton bean 'jpaVendorAdapter'
2024-06-02T16:17:31.543+05:30 DEBUG 25640 --- [           main] o.s.b.f.s.DefaultListableBeanFactory     : Autowiring by type from bean name 'entityManagerFactoryBuilder' via factory method to bean named 'jpaVendorAdapter'
2024-06-02T16:17:31.552+05:30 DEBUG 25640 --- [           main] o.s.b.f.s.DefaultListableBeanFactory     : Creating shared instance of singleton bean 'persistenceManagedTypes'
2024-06-02T16:17:31.553+05:30 DEBUG 25640 --- [           main] o.s.b.f.s.DefaultListableBeanFactory     : Autowiring by type from bean name 'persistenceManagedTypes' via factory method to bean named 'org.springframework.beans.factory.support.DefaultListableBeanFactory@c7a977f'
2024-06-02T16:17:31.554+05:30 DEBUG 25640 --- [           main] o.s.b.f.s.DefaultListableBeanFactory     : Autowiring by type from bean name 'persistenceManagedTypes' via factory method to bean named 'org.springframework.web.context.support.GenericWebApplicationContext@615f972'
2024-06-02T16:17:31.571+05:30 DEBUG 25640 --- [           main] o.s.b.f.s.DefaultListableBeanFactory     : Autowiring by type from bean name 'entityManagerFactory' via factory method to bean named 'entityManagerFactoryBuilder'
2024-06-02T16:17:31.571+05:30 DEBUG 25640 --- [           main] o.s.b.f.s.DefaultListableBeanFactory     : Autowiring by type from bean name 'entityManagerFactory' via factory method to bean named 'persistenceManagedTypes'
2024-06-02T16:17:31.600+05:30 DEBUG 25640 --- [           main] j.LocalContainerEntityManagerFactoryBean : Building JPA container EntityManagerFactory for persistence unit 'default'
2024-06-02T16:17:31.633+05:30 DEBUG 25640 --- [           main] o.hibernate.jpa.internal.util.LogHelper  : PersistenceUnitInfo [
	name: default
	persistence provider classname: null
	classloader: jdk.internal.loader.ClassLoaders$AppClassLoader@c387f44
	excludeUnlistedClasses: true
	JTA datasource: null
	Non JTA datasource: HikariDataSource (null)
	Transaction type: RESOURCE_LOCAL
	PU root URL: file:/C:/Users/HEMANTH/Downloads/chatanywhere/chatanywhere/target/test-classes/
	Shared Cache Mode: UNSPECIFIED
	Validation Mode: AUTO
	Jar files URLs []
	Managed classes names [
		ChatAnyWhere.chatanywhere.models.Friend
		ChatAnyWhere.chatanywhere.models.Message
		ChatAnyWhere.chatanywhere.models.User]
	Mapping files names []
	Properties []
2024-06-02T16:17:31.686+05:30 DEBUG 25640 --- [           main] o.h.i.internal.IntegratorServiceImpl     : Adding Integrator [org.hibernate.boot.beanvalidation.BeanValidationIntegrator].
2024-06-02T16:17:31.693+05:30 DEBUG 25640 --- [           main] o.h.i.internal.IntegratorServiceImpl     : Adding Integrator [org.hibernate.cache.internal.CollectionCacheInvalidator].
2024-06-02T16:17:31.847+05:30  INFO 25640 --- [           main] org.hibernate.Version                    : HHH000412: Hibernate ORM core version 6.4.4.Final
2024-06-02T16:17:31.850+05:30 DEBUG 25640 --- [           main] org.hibernate.cfg.Environment            : HHH000206: 'hibernate.properties' not found
2024-06-02T16:17:31.917+05:30 DEBUG 25640 --- [           main] org.hibernate.orm.idgen.factory          : Registering IdentifierGenerator strategy [uuid2] -> [org.hibernate.id.UUIDGenerator]
2024-06-02T16:17:31.918+05:30 DEBUG 25640 --- [           main] org.hibernate.orm.idgen.factory          : Registering IdentifierGenerator strategy [guid] -> [org.hibernate.id.GUIDGenerator]
2024-06-02T16:17:31.921+05:30 DEBUG 25640 --- [           main] org.hibernate.orm.idgen.factory          : Registering IdentifierGenerator strategy [uuid] -> [org.hibernate.id.UUIDHexGenerator]
2024-06-02T16:17:31.921+05:30 DEBUG 25640 --- [           main] org.hibernate.orm.idgen.factory          : Registering IdentifierGenerator strategy [uuid.hex] -> [org.hibernate.id.UUIDHexGenerator]
2024-06-02T16:17:31.922+05:30 DEBUG 25640 --- [           main] org.hibernate.orm.idgen.factory          : Registering IdentifierGenerator strategy [assigned] -> [org.hibernate.id.Assigned]
2024-06-02T16:17:31.925+05:30 DEBUG 25640 --- [           main] org.hibernate.orm.idgen.factory          : Registering IdentifierGenerator strategy [identity] -> [org.hibernate.id.IdentityGenerator]
2024-06-02T16:17:31.927+05:30 DEBUG 25640 --- [           main] org.hibernate.orm.idgen.factory          : Registering IdentifierGenerator strategy [select] -> [org.hibernate.id.SelectGenerator]
2024-06-02T16:17:31.930+05:30 DEBUG 25640 --- [           main] org.hibernate.orm.idgen.factory          : Registering IdentifierGenerator strategy [sequence] -> [org.hibernate.id.enhanced.SequenceStyleGenerator]
2024-06-02T16:17:31.931+05:30 DEBUG 25640 --- [           main] org.hibernate.orm.idgen.factory          : Registering IdentifierGenerator strategy [increment] -> [org.hibernate.id.IncrementGenerator]
2024-06-02T16:17:31.933+05:30 DEBUG 25640 --- [           main] org.hibernate.orm.idgen.factory          : Registering IdentifierGenerator strategy [foreign] -> [org.hibernate.id.ForeignGenerator]
2024-06-02T16:17:31.933+05:30 DEBUG 25640 --- [           main] org.hibernate.orm.idgen.factory          : Registering IdentifierGenerator strategy [enhanced-sequence] -> [org.hibernate.id.enhanced.SequenceStyleGenerator]
2024-06-02T16:17:31.935+05:30 DEBUG 25640 --- [           main] org.hibernate.orm.idgen.factory          : Registering IdentifierGenerator strategy [enhanced-table] -> [org.hibernate.id.enhanced.TableGenerator]
2024-06-02T16:17:31.954+05:30 DEBUG 25640 --- [           main] o.h.c.internal.RegionFactoryInitiator    : Cannot default RegionFactory based on registered strategies as `[]` RegionFactory strategies were registered
2024-06-02T16:17:31.957+05:30  INFO 25640 --- [           main] o.h.c.internal.RegionFactoryInitiator    : HHH000026: Second-level cache disabled
2024-06-02T16:17:32.259+05:30 DEBUG 25640 --- [           main] org.hibernate.type.BasicTypeRegistry     : Adding type registration boolean -> org.hibernate.type.BasicTypeReference@59d0cdb6
2024-06-02T16:17:32.259+05:30 DEBUG 25640 --- [           main] org.hibernate.type.BasicTypeRegistry     : Adding type registration boolean -> org.hibernate.type.BasicTypeReference@59d0cdb6
2024-06-02T16:17:32.259+05:30 DEBUG 25640 --- [           main] org.hibernate.type.BasicTypeRegistry     : Adding type registration java.lang.Boolean -> org.hibernate.type.BasicTypeReference@59d0cdb6
2024-06-02T16:17:32.259+05:30 DEBUG 25640 --- [           main] org.hibernate.type.BasicTypeRegistry     : Adding type registration numeric_boolean -> org.hibernate.type.BasicTypeReference@2dfeb141
2024-06-02T16:17:32.259+05:30 DEBUG 25640 --- [           main] org.hibernate.type.BasicTypeRegistry     : Adding type registration org.hibernate.type.NumericBooleanConverter -> org.hibernate.type.BasicTypeReference@2dfeb141
2024-06-02T16:17:32.260+05:30 DEBUG 25640 --- [           main] org.hibernate.type.BasicTypeRegistry     : Adding type registration true_false -> org.hibernate.type.BasicTypeReference@629e8212
2024-06-02T16:17:32.260+05:30 DEBUG 25640 --- [           main] org.hibernate.type.BasicTypeRegistry     : Adding type registration org.hibernate.type.TrueFalseConverter -> org.hibernate.type.BasicTypeReference@629e8212
2024-06-02T16:17:32.260+05:30 DEBUG 25640 --- [           main] org.hibernate.type.BasicTypeRegistry     : Adding type registration yes_no -> org.hibernate.type.BasicTypeReference@498c535d
2024-06-02T16:17:32.260+05:30 DEBUG 25640 --- [           main] org.hibernate.type.BasicTypeRegistry     : Adding type registration org.hibernate.type.YesNoConverter -> org.hibernate.type.BasicTypeReference@498c535d
2024-06-02T16:17:32.260+05:30 DEBUG 25640 --- [           main] org.hibernate.type.BasicTypeRegistry     : Adding type registration byte -> org.hibernate.type.BasicTypeReference@16ee9aa7
2024-06-02T16:17:32.260+05:30 DEBUG 25640 --- [           main] org.hibernate.type.BasicTypeRegistry     : Adding type registration byte -> org.hibernate.type.BasicTypeReference@16ee9aa7
2024-06-02T16:17:32.260+05:30 DEBUG 25640 --- [           main] org.hibernate.type.BasicTypeRegistry     : Adding type registration java.lang.Byte -> org.hibernate.type.BasicTypeReference@16ee9aa7
2024-06-02T16:17:32.260+05:30 DEBUG 25640 --- [           main] org.hibernate.type.BasicTypeRegistry     : Adding type registration binary -> org.hibernate.type.BasicTypeReference@4e424582
2024-06-02T16:17:32.260+05:30 DEBUG 25640 --- [           main] org.hibernate.type.BasicTypeRegistry     : Adding type registration byte[] -> org.hibernate.type.BasicTypeReference@4e424582
2024-06-02T16:17:32.261+05:30 DEBUG 25640 --- [           main] org.hibernate.type.BasicTypeRegistry     : Adding type registration [B -> org.hibernate.type.BasicTypeReference@4e424582
2024-06-02T16:17:32.261+05:30 DEBUG 25640 --- [           main] org.hibernate.type.BasicTypeRegistry     : Adding type registration binary_wrapper -> org.hibernate.type.BasicTypeReference@58dad04a
2024-06-02T16:17:32.261+05:30 DEBUG 25640 --- [           main] org.hibernate.type.BasicTypeRegistry     : Adding type registration wrapper-binary -> org.hibernate.type.BasicTypeReference@58dad04a
2024-06-02T16:17:32.261+05:30 DEBUG 25640 --- [           main] org.hibernate.type.BasicTypeRegistry     : Adding type registration image -> org.hibernate.type.BasicTypeReference@73e776b7
2024-06-02T16:17:32.261+05:30 DEBUG 25640 --- [           main] org.hibernate.type.BasicTypeRegistry     : Adding type registration blob -> org.hibernate.type.BasicTypeReference@113ee1ce
2024-06-02T16:17:32.261+05:30 DEBUG 25640 --- [           main] org.hibernate.type.BasicTypeRegistry     : Adding type registration java.sql.Blob -> org.hibernate.type.BasicTypeReference@113ee1ce
2024-06-02T16:17:32.261+05:30 DEBUG 25640 --- [           main] org.hibernate.type.BasicTypeRegistry     : Adding type registration materialized_blob -> org.hibernate.type.BasicTypeReference@4d0cc83e
2024-06-02T16:17:32.261+05:30 DEBUG 25640 --- [           main] org.hibernate.type.BasicTypeRegistry     : Adding type registration materialized_blob_wrapper -> org.hibernate.type.BasicTypeReference@43da0955
2024-06-02T16:17:32.261+05:30 DEBUG 25640 --- [           main] org.hibernate.type.BasicTypeRegistry     : Adding type registration short -> org.hibernate.type.BasicTypeReference@bc09d57
2024-06-02T16:17:32.262+05:30 DEBUG 25640 --- [           main] org.hibernate.type.BasicTypeRegistry     : Adding type registration short -> org.hibernate.type.BasicTypeReference@bc09d57
2024-06-02T16:17:32.262+05:30 DEBUG 25640 --- [           main] org.hibernate.type.BasicTypeRegistry     : Adding type registration java.lang.Short -> org.hibernate.type.BasicTypeReference@bc09d57
2024-06-02T16:17:32.262+05:30 DEBUG 25640 --- [           main] org.hibernate.type.BasicTypeRegistry     : Adding type registration integer -> org.hibernate.type.BasicTypeReference@6d963d70
2024-06-02T16:17:32.262+05:30 DEBUG 25640 --- [           main] org.hibernate.type.BasicTypeRegistry     : Adding type registration int -> org.hibernate.type.BasicTypeReference@6d963d70
2024-06-02T16:17:32.262+05:30 DEBUG 25640 --- [           main] org.hibernate.type.BasicTypeRegistry     : Adding type registration java.lang.Integer -> org.hibernate.type.BasicTypeReference@6d963d70
2024-06-02T16:17:32.262+05:30 DEBUG 25640 --- [           main] org.hibernate.type.BasicTypeRegistry     : Adding type registration long -> org.hibernate.type.BasicTypeReference@467045c4
2024-06-02T16:17:32.262+05:30 DEBUG 25640 --- [           main] org.hibernate.type.BasicTypeRegistry     : Adding type registration long -> org.hibernate.type.BasicTypeReference@467045c4
2024-06-02T16:17:32.262+05:30 DEBUG 25640 --- [           main] org.hibernate.type.BasicTypeRegistry     : Adding type registration java.lang.Long -> org.hibernate.type.BasicTypeReference@467045c4
2024-06-02T16:17:32.262+05:30 DEBUG 25640 --- [           main] org.hibernate.type.BasicTypeRegistry     : Adding type registration float -> org.hibernate.type.BasicTypeReference@55736cfe
2024-06-02T16:17:32.262+05:30 DEBUG 25640 --- [           main] org.hibernate.type.BasicTypeRegistry     : Adding type registration float -> org.hibernate.type.BasicTypeReference@55736cfe
2024-06-02T16:17:32.262+05:30 DEBUG 25640 --- [           main] org.hibernate.type.BasicTypeRegistry     : Adding type registration java.lang.Float -> org.hibernate.type.BasicTypeReference@55736cfe
2024-06-02T16:17:32.263+05:30 DEBUG 25640 --- [           main] org.hibernate.type.BasicTypeRegistry     : Adding type registration double -> org.hibernate.type.BasicTypeReference@5a566922
2024-06-02T16:17:32.263+05:30 DEBUG 25640 --- [           main] org.hibernate.type.BasicTypeRegistry     : Adding type registration double -> org.hibernate.type.BasicTypeReference@5a566922
2024-06-02T16:17:32.263+05:30 DEBUG 25640 --- [           main] org.hibernate.type.BasicTypeRegistry     : Adding type registration java.lang.Double -> org.hibernate.type.BasicTypeReference@5a566922
2024-06-02T16:17:32.263+05:30 DEBUG 25640 --- [           main] org.hibernate.type.BasicTypeRegistry     : Adding type registration big_integer -> org.hibernate.type.BasicTypeReference@6f7a2a5
2024-06-02T16:17:32.263+05:30 DEBUG 25640 --- [           main] org.hibernate.type.BasicTypeRegistry     : Adding type registration java.math.BigInteger -> org.hibernate.type.BasicTypeReference@6f7a2a5
2024-06-02T16:17:32.263+05:30 DEBUG 25640 --- [           main] org.hibernate.type.BasicTypeRegistry     : Adding type registration big_decimal -> org.hibernate.type.BasicTypeReference@42ed89da
2024-06-02T16:17:32.263+05:30 DEBUG 25640 --- [           main] org.hibernate.type.BasicTypeRegistry     : Adding type registration java.math.BigDecimal -> org.hibernate.type.BasicTypeReference@42ed89da
2024-06-02T16:17:32.263+05:30 DEBUG 25640 --- [           main] org.hibernate.type.BasicTypeRegistry     : Adding type registration character -> org.hibernate.type.BasicTypeReference@c3719e5
2024-06-02T16:17:32.263+05:30 DEBUG 25640 --- [           main] org.hibernate.type.BasicTypeRegistry     : Adding type registration char -> org.hibernate.type.BasicTypeReference@c3719e5
2024-06-02T16:17:32.264+05:30 DEBUG 25640 --- [           main] org.hibernate.type.BasicTypeRegistry     : Adding type registration java.lang.Character -> org.hibernate.type.BasicTypeReference@c3719e5
2024-06-02T16:17:32.264+05:30 DEBUG 25640 --- [           main] org.hibernate.type.BasicTypeRegistry     : Adding type registration character_nchar -> org.hibernate.type.BasicTypeReference@65c17e38
2024-06-02T16:17:32.264+05:30 DEBUG 25640 --- [           main] org.hibernate.type.BasicTypeRegistry     : Adding type registration string -> org.hibernate.type.BasicTypeReference@5e180aaf
2024-06-02T16:17:32.264+05:30 DEBUG 25640 --- [           main] org.hibernate.type.BasicTypeRegistry     : Adding type registration java.lang.String -> org.hibernate.type.BasicTypeReference@5e180aaf
2024-06-02T16:17:32.264+05:30 DEBUG 25640 --- [           main] org.hibernate.type.BasicTypeRegistry     : Adding type registration nstring -> org.hibernate.type.BasicTypeReference@7015ebef
2024-06-02T16:17:32.265+05:30 DEBUG 25640 --- [           main] org.hibernate.type.BasicTypeRegistry     : Adding type registration characters -> org.hibernate.type.BasicTypeReference@44592c39
2024-06-02T16:17:32.265+05:30 DEBUG 25640 --- [           main] org.hibernate.type.BasicTypeRegistry     : Adding type registration char[] -> org.hibernate.type.BasicTypeReference@44592c39
2024-06-02T16:17:32.265+05:30 DEBUG 25640 --- [           main] org.hibernate.type.BasicTypeRegistry     : Adding type registration [C -> org.hibernate.type.BasicTypeReference@44592c39
2024-06-02T16:17:32.265+05:30 DEBUG 25640 --- [           main] org.hibernate.type.BasicTypeRegistry     : Adding type registration wrapper-characters -> org.hibernate.type.BasicTypeReference@2a87ba34
2024-06-02T16:17:32.265+05:30 DEBUG 25640 --- [           main] org.hibernate.type.BasicTypeRegistry     : Adding type registration text -> org.hibernate.type.BasicTypeReference@34d480b9
2024-06-02T16:17:32.265+05:30 DEBUG 25640 --- [           main] org.hibernate.type.BasicTypeRegistry     : Adding type registration ntext -> org.hibernate.type.BasicTypeReference@6b415f5f
2024-06-02T16:17:32.266+05:30 DEBUG 25640 --- [           main] org.hibernate.type.BasicTypeRegistry     : Adding type registration clob -> org.hibernate.type.BasicTypeReference@66749eea
2024-06-02T16:17:32.266+05:30 DEBUG 25640 --- [           main] org.hibernate.type.BasicTypeRegistry     : Adding type registration java.sql.Clob -> org.hibernate.type.BasicTypeReference@66749eea
2024-06-02T16:17:32.266+05:30 DEBUG 25640 --- [           main] org.hibernate.type.BasicTypeRegistry     : Adding type registration nclob -> org.hibernate.type.BasicTypeReference@7135ce0a
2024-06-02T16:17:32.266+05:30 DEBUG 25640 --- [           main] org.hibernate.type.BasicTypeRegistry     : Adding type registration java.sql.NClob -> org.hibernate.type.BasicTypeReference@7135ce0a
2024-06-02T16:17:32.266+05:30 DEBUG 25640 --- [           main] org.hibernate.type.BasicTypeRegistry     : Adding type registration materialized_clob -> org.hibernate.type.BasicTypeReference@617449dd
2024-06-02T16:17:32.266+05:30 DEBUG 25640 --- [           main] org.hibernate.type.BasicTypeRegistry     : Adding type registration materialized_clob_char_array -> org.hibernate.type.BasicTypeReference@2e590b
2024-06-02T16:17:32.266+05:30 DEBUG 25640 --- [           main] org.hibernate.type.BasicTypeRegistry     : Adding type registration materialized_clob_character_array -> org.hibernate.type.BasicTypeReference@42ef042a
2024-06-02T16:17:32.267+05:30 DEBUG 25640 --- [           main] org.hibernate.type.BasicTypeRegistry     : Adding type registration materialized_nclob -> org.hibernate.type.BasicTypeReference@1df5c7e3
2024-06-02T16:17:32.267+05:30 DEBUG 25640 --- [           main] org.hibernate.type.BasicTypeRegistry     : Adding type registration materialized_nclob_character_array -> org.hibernate.type.BasicTypeReference@5e0c4f21
2024-06-02T16:17:32.267+05:30 DEBUG 25640 --- [           main] org.hibernate.type.BasicTypeRegistry     : Adding type registration materialized_nclob_char_array -> org.hibernate.type.BasicTypeReference@2c18a3ea
2024-06-02T16:17:32.267+05:30 DEBUG 25640 --- [           main] org.hibernate.type.BasicTypeRegistry     : Adding type registration Duration -> org.hibernate.type.BasicTypeReference@166c2c17
2024-06-02T16:17:32.267+05:30 DEBUG 25640 --- [           main] org.hibernate.type.BasicTypeRegistry     : Adding type registration java.time.Duration -> org.hibernate.type.BasicTypeReference@166c2c17
2024-06-02T16:17:32.267+05:30 DEBUG 25640 --- [           main] org.hibernate.type.BasicTypeRegistry     : Adding type registration LocalDateTime -> org.hibernate.type.BasicTypeReference@25953be6
2024-06-02T16:17:32.267+05:30 DEBUG 25640 --- [           main] org.hibernate.type.BasicTypeRegistry     : Adding type registration java.time.LocalDateTime -> org.hibernate.type.BasicTypeReference@25953be6
2024-06-02T16:17:32.267+05:30 DEBUG 25640 --- [           main] org.hibernate.type.BasicTypeRegistry     : Adding type registration LocalDate -> org.hibernate.type.BasicTypeReference@19dc0d32
2024-06-02T16:17:32.267+05:30 DEBUG 25640 --- [           main] org.hibernate.type.BasicTypeRegistry     : Adding type registration java.time.LocalDate -> org.hibernate.type.BasicTypeReference@19dc0d32
2024-06-02T16:17:32.268+05:30 DEBUG 25640 --- [           main] org.hibernate.type.BasicTypeRegistry     : Adding type registration LocalTime -> org.hibernate.type.BasicTypeReference@70b2fa10
2024-06-02T16:17:32.268+05:30 DEBUG 25640 --- [           main] org.hibernate.type.BasicTypeRegistry     : Adding type registration java.time.LocalTime -> org.hibernate.type.BasicTypeReference@70b2fa10
2024-06-02T16:17:32.268+05:30 DEBUG 25640 --- [           main] org.hibernate.type.BasicTypeRegistry     : Adding type registration OffsetDateTime -> org.hibernate.type.BasicTypeReference@7c96c85
2024-06-02T16:17:32.268+05:30 DEBUG 25640 --- [           main] org.hibernate.type.BasicTypeRegistry     : Adding type registration java.time.OffsetDateTime -> org.hibernate.type.BasicTypeReference@7c96c85
2024-06-02T16:17:32.268+05:30 DEBUG 25640 --- [           main] org.hibernate.type.BasicTypeRegistry     : Adding type registration OffsetDateTimeWithTimezone -> org.hibernate.type.BasicTypeReference@b0f2d91
2024-06-02T16:17:32.268+05:30 DEBUG 25640 --- [           main] org.hibernate.type.BasicTypeRegistry     : Adding type registration OffsetDateTimeWithoutTimezone -> org.hibernate.type.BasicTypeReference@7243145f
2024-06-02T16:17:32.268+05:30 DEBUG 25640 --- [           main] org.hibernate.type.BasicTypeRegistry     : Adding type registration OffsetTime -> org.hibernate.type.BasicTypeReference@15c6027d
2024-06-02T16:17:32.268+05:30 DEBUG 25640 --- [           main] org.hibernate.type.BasicTypeRegistry     : Adding type registration java.time.OffsetTime -> org.hibernate.type.BasicTypeReference@15c6027d
2024-06-02T16:17:32.268+05:30 DEBUG 25640 --- [           main] org.hibernate.type.BasicTypeRegistry     : Adding type registration OffsetTimeUtc -> org.hibernate.type.BasicTypeReference@5927f904
2024-06-02T16:17:32.268+05:30 DEBUG 25640 --- [           main] org.hibernate.type.BasicTypeRegistry     : Adding type registration OffsetTimeWithTimezone -> org.hibernate.type.BasicTypeReference@2bb62414
2024-06-02T16:17:32.269+05:30 DEBUG 25640 --- [           main] org.hibernate.type.BasicTypeRegistry     : Adding type registration OffsetTimeWithoutTimezone -> org.hibernate.type.BasicTypeReference@413d2cd1
2024-06-02T16:17:32.269+05:30 DEBUG 25640 --- [           main] org.hibernate.type.BasicTypeRegistry     : Adding type registration ZonedDateTime -> org.hibernate.type.BasicTypeReference@644d1b61
2024-06-02T16:17:32.269+05:30 DEBUG 25640 --- [           main] org.hibernate.type.BasicTypeRegistry     : Adding type registration java.time.ZonedDateTime -> org.hibernate.type.BasicTypeReference@644d1b61
2024-06-02T16:17:32.269+05:30 DEBUG 25640 --- [           main] org.hibernate.type.BasicTypeRegistry     : Adding type registration ZonedDateTimeWithTimezone -> org.hibernate.type.BasicTypeReference@2443135
2024-06-02T16:17:32.269+05:30 DEBUG 25640 --- [           main] org.hibernate.type.BasicTypeRegistry     : Adding type registration ZonedDateTimeWithoutTimezone -> org.hibernate.type.BasicTypeReference@184823ed
2024-06-02T16:17:32.269+05:30 DEBUG 25640 --- [           main] org.hibernate.type.BasicTypeRegistry     : Adding type registration date -> org.hibernate.type.BasicTypeReference@30bbcf91
2024-06-02T16:17:32.269+05:30 DEBUG 25640 --- [           main] org.hibernate.type.BasicTypeRegistry     : Adding type registration java.sql.Date -> org.hibernate.type.BasicTypeReference@30bbcf91
2024-06-02T16:17:32.269+05:30 DEBUG 25640 --- [           main] org.hibernate.type.BasicTypeRegistry     : Adding type registration time -> org.hibernate.type.BasicTypeReference@3ca14cf4
2024-06-02T16:17:32.269+05:30 DEBUG 25640 --- [           main] org.hibernate.type.BasicTypeRegistry     : Adding type registration java.sql.Time -> org.hibernate.type.BasicTypeReference@3ca14cf4
2024-06-02T16:17:32.269+05:30 DEBUG 25640 --- [           main] org.hibernate.type.BasicTypeRegistry     : Adding type registration timestamp -> org.hibernate.type.BasicTypeReference@1f4f0fcc
2024-06-02T16:17:32.269+05:30 DEBUG 25640 --- [           main] org.hibernate.type.BasicTypeRegistry     : Adding type registration java.sql.Timestamp -> org.hibernate.type.BasicTypeReference@1f4f0fcc
2024-06-02T16:17:32.270+05:30 DEBUG 25640 --- [           main] org.hibernate.type.BasicTypeRegistry     : Adding type registration java.util.Date -> org.hibernate.type.BasicTypeReference@1f4f0fcc
2024-06-02T16:17:32.270+05:30 DEBUG 25640 --- [           main] org.hibernate.type.BasicTypeRegistry     : Adding type registration calendar -> org.hibernate.type.BasicTypeReference@46c10083
2024-06-02T16:17:32.270+05:30 DEBUG 25640 --- [           main] org.hibernate.type.BasicTypeRegistry     : Adding type registration java.util.Calendar -> org.hibernate.type.BasicTypeReference@46c10083
2024-06-02T16:17:32.270+05:30 DEBUG 25640 --- [           main] org.hibernate.type.BasicTypeRegistry     : Adding type registration java.util.GregorianCalendar -> org.hibernate.type.BasicTypeReference@46c10083
2024-06-02T16:17:32.271+05:30 DEBUG 25640 --- [           main] org.hibernate.type.BasicTypeRegistry     : Adding type registration calendar_date -> org.hibernate.type.BasicTypeReference@1e98b788
2024-06-02T16:17:32.271+05:30 DEBUG 25640 --- [           main] org.hibernate.type.BasicTypeRegistry     : Adding type registration calendar_time -> org.hibernate.type.BasicTypeReference@794eeaf8
2024-06-02T16:17:32.271+05:30 DEBUG 25640 --- [           main] org.hibernate.type.BasicTypeRegistry     : Adding type registration instant -> org.hibernate.type.BasicTypeReference@37c5284a
2024-06-02T16:17:32.271+05:30 DEBUG 25640 --- [           main] org.hibernate.type.BasicTypeRegistry     : Adding type registration java.time.Instant -> org.hibernate.type.BasicTypeReference@37c5284a
2024-06-02T16:17:32.271+05:30 DEBUG 25640 --- [           main] org.hibernate.type.BasicTypeRegistry     : Adding type registration uuid -> org.hibernate.type.BasicTypeReference@5b8572df
2024-06-02T16:17:32.271+05:30 DEBUG 25640 --- [           main] org.hibernate.type.BasicTypeRegistry     : Adding type registration java.util.UUID -> org.hibernate.type.BasicTypeReference@5b8572df
2024-06-02T16:17:32.271+05:30 DEBUG 25640 --- [           main] org.hibernate.type.BasicTypeRegistry     : Adding type registration pg-uuid -> org.hibernate.type.BasicTypeReference@5b8572df
2024-06-02T16:17:32.271+05:30 DEBUG 25640 --- [           main] org.hibernate.type.BasicTypeRegistry     : Adding type registration uuid-binary -> org.hibernate.type.BasicTypeReference@7aaad0
2024-06-02T16:17:32.271+05:30 DEBUG 25640 --- [           main] org.hibernate.type.BasicTypeRegistry     : Adding type registration uuid-char -> org.hibernate.type.BasicTypeReference@eed890d
2024-06-02T16:17:32.271+05:30 DEBUG 25640 --- [           main] org.hibernate.type.BasicTypeRegistry     : Adding type registration class -> org.hibernate.type.BasicTypeReference@10f477e2
2024-06-02T16:17:32.272+05:30 DEBUG 25640 --- [           main] org.hibernate.type.BasicTypeRegistry     : Adding type registration java.lang.Class -> org.hibernate.type.BasicTypeReference@10f477e2
2024-06-02T16:17:32.272+05:30 DEBUG 25640 --- [           main] org.hibernate.type.BasicTypeRegistry     : Adding type registration currency -> org.hibernate.type.BasicTypeReference@6097fca9
2024-06-02T16:17:32.272+05:30 DEBUG 25640 --- [           main] org.hibernate.type.BasicTypeRegistry     : Adding type registration Currency -> org.hibernate.type.BasicTypeReference@6097fca9
2024-06-02T16:17:32.272+05:30 DEBUG 25640 --- [           main] org.hibernate.type.BasicTypeRegistry     : Adding type registration java.util.Currency -> org.hibernate.type.BasicTypeReference@6097fca9
2024-06-02T16:17:32.272+05:30 DEBUG 25640 --- [           main] org.hibernate.type.BasicTypeRegistry     : Adding type registration locale -> org.hibernate.type.BasicTypeReference@35eee641
2024-06-02T16:17:32.272+05:30 DEBUG 25640 --- [           main] org.hibernate.type.BasicTypeRegistry     : Adding type registration java.util.Locale -> org.hibernate.type.BasicTypeReference@35eee641
2024-06-02T16:17:32.272+05:30 DEBUG 25640 --- [           main] org.hibernate.type.BasicTypeRegistry     : Adding type registration serializable -> org.hibernate.type.BasicTypeReference@5729b410
2024-06-02T16:17:32.272+05:30 DEBUG 25640 --- [           main] org.hibernate.type.BasicTypeRegistry     : Adding type registration java.io.Serializable -> org.hibernate.type.BasicTypeReference@5729b410
2024-06-02T16:17:32.272+05:30 DEBUG 25640 --- [           main] org.hibernate.type.BasicTypeRegistry     : Adding type registration timezone -> org.hibernate.type.BasicTypeReference@64518270
2024-06-02T16:17:32.272+05:30 DEBUG 25640 --- [           main] org.hibernate.type.BasicTypeRegistry     : Adding type registration java.util.TimeZone -> org.hibernate.type.BasicTypeReference@64518270
2024-06-02T16:17:32.273+05:30 DEBUG 25640 --- [           main] org.hibernate.type.BasicTypeRegistry     : Adding type registration ZoneOffset -> org.hibernate.type.BasicTypeReference@3b7c58e7
2024-06-02T16:17:32.273+05:30 DEBUG 25640 --- [           main] org.hibernate.type.BasicTypeRegistry     : Adding type registration java.time.ZoneOffset -> org.hibernate.type.BasicTypeReference@3b7c58e7
2024-06-02T16:17:32.273+05:30 DEBUG 25640 --- [           main] org.hibernate.type.BasicTypeRegistry     : Adding type registration url -> org.hibernate.type.BasicTypeReference@79627d27
2024-06-02T16:17:32.273+05:30 DEBUG 25640 --- [           main] org.hibernate.type.BasicTypeRegistry     : Adding type registration java.net.URL -> org.hibernate.type.BasicTypeReference@79627d27
2024-06-02T16:17:32.273+05:30 DEBUG 25640 --- [           main] org.hibernate.type.BasicTypeRegistry     : Adding type registration vector -> org.hibernate.type.BasicTypeReference@6371cf2f
2024-06-02T16:17:32.273+05:30 DEBUG 25640 --- [           main] org.hibernate.type.BasicTypeRegistry     : Adding type registration row_version -> org.hibernate.type.BasicTypeReference@b5b9333
2024-06-02T16:17:32.282+05:30 DEBUG 25640 --- [           main] org.hibernate.type.BasicTypeRegistry     : Adding type registration object -> org.hibernate.type.JavaObjectType@72ce812e
2024-06-02T16:17:32.282+05:30 DEBUG 25640 --- [           main] org.hibernate.type.BasicTypeRegistry     : Adding type registration java.lang.Object -> org.hibernate.type.JavaObjectType@72ce812e
2024-06-02T16:17:32.284+05:30 DEBUG 25640 --- [           main] org.hibernate.type.BasicTypeRegistry     : Adding type registration null -> org.hibernate.type.NullType@3e26482
2024-06-02T16:17:32.284+05:30 DEBUG 25640 --- [           main] org.hibernate.type.BasicTypeRegistry     : Adding type registration imm_date -> org.hibernate.type.BasicTypeReference@7cfb0c4c
2024-06-02T16:17:32.284+05:30 DEBUG 25640 --- [           main] org.hibernate.type.BasicTypeRegistry     : Adding type registration imm_time -> org.hibernate.type.BasicTypeReference@6b37df8e
2024-06-02T16:17:32.285+05:30 DEBUG 25640 --- [           main] org.hibernate.type.BasicTypeRegistry     : Adding type registration imm_timestamp -> org.hibernate.type.BasicTypeReference@6b63abdc
2024-06-02T16:17:32.285+05:30 DEBUG 25640 --- [           main] org.hibernate.type.BasicTypeRegistry     : Adding type registration imm_calendar -> org.hibernate.type.BasicTypeReference@7b351446
2024-06-02T16:17:32.285+05:30 DEBUG 25640 --- [           main] org.hibernate.type.BasicTypeRegistry     : Adding type registration imm_calendar_date -> org.hibernate.type.BasicTypeReference@5f08fe00
2024-06-02T16:17:32.285+05:30 DEBUG 25640 --- [           main] org.hibernate.type.BasicTypeRegistry     : Adding type registration imm_calendar_time -> org.hibernate.type.BasicTypeReference@a1691c0
2024-06-02T16:17:32.285+05:30 DEBUG 25640 --- [           main] org.hibernate.type.BasicTypeRegistry     : Adding type registration imm_binary -> org.hibernate.type.BasicTypeReference@7c5df615
2024-06-02T16:17:32.285+05:30 DEBUG 25640 --- [           main] org.hibernate.type.BasicTypeRegistry     : Adding type registration imm_serializable -> org.hibernate.type.BasicTypeReference@2f995afc
2024-06-02T16:17:32.293+05:30 DEBUG 25640 --- [           main] o.h.boot.internal.BootstrapContextImpl   : Injecting JPA temp ClassLoader [org.springframework.instrument.classloading.SimpleThrowawayClassLoader@42679fc2] into BootstrapContext; was [null]
2024-06-02T16:17:32.293+05:30 DEBUG 25640 --- [           main] o.h.boot.internal.ClassLoaderAccessImpl  : ClassLoaderAccessImpl#injectTempClassLoader(org.springframework.instrument.classloading.SimpleThrowawayClassLoader@42679fc2) [was null]
2024-06-02T16:17:32.294+05:30 DEBUG 25640 --- [           main] o.h.boot.internal.BootstrapContextImpl   : Injecting ScanEnvironment [org.hibernate.jpa.boot.internal.StandardJpaScanEnvironmentImpl@2abafa97] into BootstrapContext; was [null]
2024-06-02T16:17:32.294+05:30 DEBUG 25640 --- [           main] o.h.boot.internal.BootstrapContextImpl   : Injecting ScanOptions [org.hibernate.boot.archive.scan.internal.StandardScanOptions@6f6cc7da] into BootstrapContext; was [org.hibernate.boot.archive.scan.internal.StandardScanOptions@40717ed]
2024-06-02T16:17:32.597+05:30  INFO 25640 --- [           main] o.s.o.j.p.SpringPersistenceUnitInfo      : No LoadTimeWeaver setup: ignoring JPA class transformer
2024-06-02T16:17:32.597+05:30 DEBUG 25640 --- [           main] o.h.boot.internal.BootstrapContextImpl   : Injecting JPA temp ClassLoader [null] into BootstrapContext; was [org.springframework.instrument.classloading.SimpleThrowawayClassLoader@42679fc2]
2024-06-02T16:17:32.597+05:30 DEBUG 25640 --- [           main] o.h.boot.internal.ClassLoaderAccessImpl  : ClassLoaderAccessImpl#injectTempClassLoader(null) [was org.springframework.instrument.classloading.SimpleThrowawayClassLoader@42679fc2]
2024-06-02T16:17:32.647+05:30 DEBUG 25640 --- [           main] com.zaxxer.hikari.HikariConfig           : HikariPool-1 - configuration:
2024-06-02T16:17:32.655+05:30 DEBUG 25640 --- [           main] com.zaxxer.hikari.HikariConfig           : allowPoolSuspension.............false
2024-06-02T16:17:32.656+05:30 DEBUG 25640 --- [           main] com.zaxxer.hikari.HikariConfig           : autoCommit......................true
2024-06-02T16:17:32.656+05:30 DEBUG 25640 --- [           main] com.zaxxer.hikari.HikariConfig           : catalog.........................none
2024-06-02T16:17:32.656+05:30 DEBUG 25640 --- [           main] com.zaxxer.hikari.HikariConfig           : connectionInitSql...............none
2024-06-02T16:17:32.656+05:30 DEBUG 25640 --- [           main] com.zaxxer.hikari.HikariConfig           : connectionTestQuery.............none
2024-06-02T16:17:32.658+05:30 DEBUG 25640 --- [           main] com.zaxxer.hikari.HikariConfig           : connectionTimeout...............30000
2024-06-02T16:17:32.658+05:30 DEBUG 25640 --- [           main] com.zaxxer.hikari.HikariConfig           : dataSource......................none
2024-06-02T16:17:32.659+05:30 DEBUG 25640 --- [           main] com.zaxxer.hikari.HikariConfig           : dataSourceClassName.............none
2024-06-02T16:17:32.659+05:30 DEBUG 25640 --- [           main] com.zaxxer.hikari.HikariConfig           : dataSourceJNDI..................none
2024-06-02T16:17:32.660+05:30 DEBUG 25640 --- [           main] com.zaxxer.hikari.HikariConfig           : dataSourceProperties............{password=<masked>}
2024-06-02T16:17:32.661+05:30 DEBUG 25640 --- [           main] com.zaxxer.hikari.HikariConfig           : driverClassName................."com.mysql.cj.jdbc.Driver"
2024-06-02T16:17:32.661+05:30 DEBUG 25640 --- [           main] com.zaxxer.hikari.HikariConfig           : exceptionOverrideClassName......none
2024-06-02T16:17:32.661+05:30 DEBUG 25640 --- [           main] com.zaxxer.hikari.HikariConfig           : healthCheckProperties...........{}
2024-06-02T16:17:32.662+05:30 DEBUG 25640 --- [           main] com.zaxxer.hikari.HikariConfig           : healthCheckRegistry.............none
2024-06-02T16:17:32.662+05:30 DEBUG 25640 --- [           main] com.zaxxer.hikari.HikariConfig           : idleTimeout.....................600000
2024-06-02T16:17:32.662+05:30 DEBUG 25640 --- [           main] com.zaxxer.hikari.HikariConfig           : initializationFailTimeout.......1
2024-06-02T16:17:32.663+05:30 DEBUG 25640 --- [           main] com.zaxxer.hikari.HikariConfig           : isolateInternalQueries..........false
2024-06-02T16:17:32.663+05:30 DEBUG 25640 --- [           main] com.zaxxer.hikari.HikariConfig           : jdbcUrl.........................jdbc:mysql://roundhouse.proxy.rlwy.net:31826/railway
2024-06-02T16:17:32.663+05:30 DEBUG 25640 --- [           main] com.zaxxer.hikari.HikariConfig           : keepaliveTime...................0
2024-06-02T16:17:32.663+05:30 DEBUG 25640 --- [           main] com.zaxxer.hikari.HikariConfig           : leakDetectionThreshold..........0
2024-06-02T16:17:32.664+05:30 DEBUG 25640 --- [           main] com.zaxxer.hikari.HikariConfig           : maxLifetime.....................1800000
2024-06-02T16:17:32.664+05:30 DEBUG 25640 --- [           main] com.zaxxer.hikari.HikariConfig           : maximumPoolSize.................10
2024-06-02T16:17:32.664+05:30 DEBUG 25640 --- [           main] com.zaxxer.hikari.HikariConfig           : metricRegistry..................none
2024-06-02T16:17:32.664+05:30 DEBUG 25640 --- [           main] com.zaxxer.hikari.HikariConfig           : metricsTrackerFactory...........none
2024-06-02T16:17:32.665+05:30 DEBUG 25640 --- [           main] com.zaxxer.hikari.HikariConfig           : minimumIdle.....................10
2024-06-02T16:17:32.665+05:30 DEBUG 25640 --- [           main] com.zaxxer.hikari.HikariConfig           : password........................<masked>
2024-06-02T16:17:32.665+05:30 DEBUG 25640 --- [           main] com.zaxxer.hikari.HikariConfig           : poolName........................"HikariPool-1"
2024-06-02T16:17:32.665+05:30 DEBUG 25640 --- [           main] com.zaxxer.hikari.HikariConfig           : readOnly........................false
2024-06-02T16:17:32.666+05:30 DEBUG 25640 --- [           main] com.zaxxer.hikari.HikariConfig           : registerMbeans..................false
2024-06-02T16:17:32.666+05:30 DEBUG 25640 --- [           main] com.zaxxer.hikari.HikariConfig           : scheduledExecutor...............none
2024-06-02T16:17:32.666+05:30 DEBUG 25640 --- [           main] com.zaxxer.hikari.HikariConfig           : schema..........................none
2024-06-02T16:17:32.667+05:30 DEBUG 25640 --- [           main] com.zaxxer.hikari.HikariConfig           : threadFactory...................internal
2024-06-02T16:17:32.667+05:30 DEBUG 25640 --- [           main] com.zaxxer.hikari.HikariConfig           : transactionIsolation............default
2024-06-02T16:17:32.667+05:30 DEBUG 25640 --- [           main] com.zaxxer.hikari.HikariConfig           : username........................"root"
2024-06-02T16:17:32.667+05:30 DEBUG 25640 --- [           main] com.zaxxer.hikari.HikariConfig           : validationTimeout...............5000
2024-06-02T16:17:32.667+05:30  INFO 25640 --- [           main] com.zaxxer.hikari.HikariDataSource       : HikariPool-1 - Starting...
2024-06-02T16:17:33.773+05:30 DEBUG 25640 --- [           main] jdk.event.security                       : X509Certificate: Alg:SHA256withRSA, Serial:2, Subject:CN=MySQL_Server_8.4.0_Auto_Generated_Server_Certificate, Issuer:CN=MySQL_Server_8.4.0_Auto_Generated_CA_Certificate, Key type:RSA, Length:2048, Cert Id:-432508188, Valid from:01/06/24, 11:07 am, Valid until:30/05/34, 11:07 am
2024-06-02T16:17:33.774+05:30 DEBUG 25640 --- [           main] jdk.event.security                       : X509Certificate: Alg:SHA256withRSA, Serial:1, Subject:CN=MySQL_Server_8.4.0_Auto_Generated_CA_Certificate, Issuer:CN=MySQL_Server_8.4.0_Auto_Generated_CA_Certificate, Key type:RSA, Length:2048, Cert Id:1751053823, Valid from:01/06/24, 11:07 am, Valid until:30/05/34, 11:07 am
2024-06-02T16:17:33.789+05:30 DEBUG 25640 --- [           main] jdk.event.security                       :  TLSHandshake: roundhouse.proxy.rlwy.net:31826, TLSv1.3, TLS_AES_256_GCM_SHA384, -432508188
2024-06-02T16:17:35.239+05:30  INFO 25640 --- [           main] com.zaxxer.hikari.pool.HikariPool        : HikariPool-1 - Added connection com.mysql.cj.jdbc.ConnectionImpl@295b07e0
2024-06-02T16:17:35.242+05:30  INFO 25640 --- [           main] com.zaxxer.hikari.HikariDataSource       : HikariPool-1 - Start completed.
2024-06-02T16:17:35.246+05:30 DEBUG 25640 --- [           main] o.h.e.j.e.i.JdbcEnvironmentInitiator     : Database ->
       name : MySQL
    version : 8.4.0
      major : 8
      minor : 4
2024-06-02T16:17:35.247+05:30 DEBUG 25640 --- [           main] o.h.e.j.e.i.JdbcEnvironmentInitiator     : Driver ->
       name : MySQL Connector/J
    version : mysql-connector-j-8.3.0 (Revision: 805f872a57875f311cb82487efcfb070411a3fa0)
      major : 8
      minor : 3
2024-06-02T16:17:35.247+05:30 DEBUG 25640 --- [           main] o.h.e.j.e.i.JdbcEnvironmentInitiator     : JDBC version : 4.2
2024-06-02T16:17:35.353+05:30 DEBUG 25640 --- [l-1 housekeeper] com.zaxxer.hikari.pool.HikariPool        : HikariPool-1 - Pool stats (total=1, active=1, idle=0, waiting=0)
2024-06-02T16:17:35.737+05:30 DEBUG 25640 --- [           main] org.hibernate.orm.dialect                : HHH035001: Using dialect: org.hibernate.dialect.MySQLDialect, version: 8.4
2024-06-02T16:17:35.744+05:30 DEBUG 25640 --- [           main] o.h.e.j.env.spi.IdentifierHelperBuilder  : JDBC driver metadata reported database stores quoted identifiers in more than one case
2024-06-02T16:17:35.744+05:30 DEBUG 25640 --- [           main] o.h.e.j.env.spi.IdentifierHelperBuilder  : IdentifierCaseStrategy for both quoted and unquoted identifiers was set to the same strategy [MIXED]; that will likely lead to problems in schema update and validation if using quoted identifiers
2024-06-02T16:17:35.769+05:30 DEBUG 25640 --- [           main] o.h.t.d.sql.spi.DdlTypeRegistry          : addDescriptor(12, org.hibernate.type.descriptor.sql.internal.CapacityDependentDdlType@65db548) replaced previous registration(org.hibernate.type.descriptor.sql.internal.CapacityDependentDdlType@150f41b9)
2024-06-02T16:17:35.770+05:30 DEBUG 25640 --- [           main] o.h.t.d.sql.spi.DdlTypeRegistry          : addDescriptor(-9, org.hibernate.type.descriptor.sql.internal.CapacityDependentDdlType@6e364f1f) replaced previous registration(org.hibernate.type.descriptor.sql.internal.CapacityDependentDdlType@429e7914)
2024-06-02T16:17:35.770+05:30 DEBUG 25640 --- [           main] o.h.t.d.sql.spi.DdlTypeRegistry          : addDescriptor(-3, org.hibernate.type.descriptor.sql.internal.CapacityDependentDdlType@298263fa) replaced previous registration(org.hibernate.type.descriptor.sql.internal.CapacityDependentDdlType@466fedfa)
2024-06-02T16:17:35.770+05:30 DEBUG 25640 --- [           main] o.h.t.d.sql.spi.DdlTypeRegistry          : addDescriptor(4003, org.hibernate.type.descriptor.sql.internal.DdlTypeImpl@1a7d0c9f) replaced previous registration(org.hibernate.type.descriptor.sql.internal.DdlTypeImpl@2b1a901d)
2024-06-02T16:17:35.770+05:30 DEBUG 25640 --- [           main] o.h.t.d.sql.spi.DdlTypeRegistry          : addDescriptor(4001, org.hibernate.type.descriptor.sql.internal.DdlTypeImpl@11bdab37) replaced previous registration(org.hibernate.type.descriptor.sql.internal.DdlTypeImpl@280484c7)
2024-06-02T16:17:35.770+05:30 DEBUG 25640 --- [           main] o.h.t.d.sql.spi.DdlTypeRegistry          : addDescriptor(4002, org.hibernate.type.descriptor.sql.internal.DdlTypeImpl@5a6f6cac) replaced previous registration(org.hibernate.type.descriptor.sql.internal.DdlTypeImpl@258a8584)
2024-06-02T16:17:35.770+05:30 DEBUG 25640 --- [           main] o.h.t.d.sql.spi.DdlTypeRegistry          : addDescriptor(2004, org.hibernate.type.descriptor.sql.internal.CapacityDependentDdlType@59127611) replaced previous registration(org.hibernate.type.descriptor.sql.internal.DdlTypeImpl@553ce348)
2024-06-02T16:17:35.770+05:30 DEBUG 25640 --- [           main] o.h.t.d.sql.spi.DdlTypeRegistry          : addDescriptor(2005, org.hibernate.type.descriptor.sql.internal.CapacityDependentDdlType@7417ef4f) replaced previous registration(org.hibernate.type.descriptor.sql.internal.DdlTypeImpl@5c0e2ec)
2024-06-02T16:17:35.770+05:30 DEBUG 25640 --- [           main] o.h.t.d.sql.spi.DdlTypeRegistry          : addDescriptor(2011, org.hibernate.type.descriptor.sql.internal.CapacityDependentDdlType@4fa8bebb) replaced previous registration(org.hibernate.type.descriptor.sql.internal.DdlTypeImpl@7d3c22a5)
2024-06-02T16:17:35.771+05:30 DEBUG 25640 --- [           main] o.h.t.d.jdbc.spi.JdbcTypeRegistry        : addDescriptor(NCharTypeDescriptor) replaced previous registration(CharTypeDescriptor)
2024-06-02T16:17:35.771+05:30 DEBUG 25640 --- [           main] o.h.t.d.jdbc.spi.JdbcTypeRegistry        : addDescriptor(NVarcharTypeDescriptor) replaced previous registration(VarcharTypeDescriptor)
2024-06-02T16:17:35.772+05:30 DEBUG 25640 --- [           main] o.h.t.d.jdbc.spi.JdbcTypeRegistry        : addDescriptor(LongNVarcharTypeDescriptor) replaced previous registration(LongVarcharTypeDescriptor)
2024-06-02T16:17:35.773+05:30 DEBUG 25640 --- [           main] o.h.t.d.jdbc.spi.JdbcTypeRegistry        : addDescriptor(NClobTypeDescriptor(DEFAULT)) replaced previous registration(ClobTypeDescriptor(DEFAULT))
2024-06-02T16:17:35.773+05:30 DEBUG 25640 --- [           main] o.h.t.d.jdbc.spi.JdbcTypeRegistry        : addDescriptor(2005, ClobTypeDescriptor(STREAM_BINDING)) replaced previous registration(ClobTypeDescriptor(DEFAULT))
2024-06-02T16:17:35.777+05:30 DEBUG 25640 --- [           main] org.hibernate.type.BasicTypeRegistry     : Adding type registration null -> org.hibernate.type.NullType@2807cf3
2024-06-02T16:17:35.777+05:30 DEBUG 25640 --- [           main] org.hibernate.type.BasicTypeRegistry     : Type registration key [null] overrode previous entry : `org.hibernate.type.NullType@3e26482`
2024-06-02T16:17:35.781+05:30 DEBUG 25640 --- [           main] org.hibernate.type.BasicTypeRegistry     : Adding type registration org.hibernate.type.DurationType -> basicType@1(java.time.Duration,3015)
2024-06-02T16:17:35.781+05:30 DEBUG 25640 --- [           main] org.hibernate.type.BasicTypeRegistry     : Adding type registration Duration -> basicType@1(java.time.Duration,3015)
2024-06-02T16:17:35.781+05:30 DEBUG 25640 --- [           main] org.hibernate.type.BasicTypeRegistry     : Adding type registration java.time.Duration -> basicType@1(java.time.Duration,3015)
2024-06-02T16:17:35.786+05:30 DEBUG 25640 --- [           main] org.hibernate.type.BasicTypeRegistry     : Adding type registration org.hibernate.type.OffsetDateTimeType -> basicType@2(java.time.OffsetDateTime,3003)
2024-06-02T16:17:35.786+05:30 DEBUG 25640 --- [           main] org.hibernate.type.BasicTypeRegistry     : Adding type registration OffsetDateTime -> basicType@2(java.time.OffsetDateTime,3003)
2024-06-02T16:17:35.786+05:30 DEBUG 25640 --- [           main] org.hibernate.type.BasicTypeRegistry     : Adding type registration java.time.OffsetDateTime -> basicType@2(java.time.OffsetDateTime,3003)
2024-06-02T16:17:35.786+05:30 DEBUG 25640 --- [           main] org.hibernate.type.BasicTypeRegistry     : Adding type registration org.hibernate.type.ZonedDateTimeType -> basicType@3(java.time.ZonedDateTime,3003)
2024-06-02T16:17:35.786+05:30 DEBUG 25640 --- [           main] org.hibernate.type.BasicTypeRegistry     : Adding type registration ZonedDateTime -> basicType@3(java.time.ZonedDateTime,3003)
2024-06-02T16:17:35.786+05:30 DEBUG 25640 --- [           main] org.hibernate.type.BasicTypeRegistry     : Adding type registration java.time.ZonedDateTime -> basicType@3(java.time.ZonedDateTime,3003)
2024-06-02T16:17:35.786+05:30 DEBUG 25640 --- [           main] org.hibernate.type.BasicTypeRegistry     : Adding type registration org.hibernate.type.OffsetTimeType -> basicType@4(java.time.OffsetTime,3007)
2024-06-02T16:17:35.786+05:30 DEBUG 25640 --- [           main] org.hibernate.type.BasicTypeRegistry     : Adding type registration OffsetTime -> basicType@4(java.time.OffsetTime,3007)
2024-06-02T16:17:35.786+05:30 DEBUG 25640 --- [           main] org.hibernate.type.BasicTypeRegistry     : Adding type registration java.time.OffsetTime -> basicType@4(java.time.OffsetTime,3007)
2024-06-02T16:17:35.787+05:30 DEBUG 25640 --- [           main] o.h.type.spi.TypeConfiguration$Scope     : Scoping TypeConfiguration [org.hibernate.type.spi.TypeConfiguration@ff5d4f1] to MetadataBuildingContext [org.hibernate.boot.internal.MetadataBuildingContextRootImpl@194224ca]
2024-06-02T16:17:35.831+05:30 DEBUG 25640 --- [           main] o.h.boot.model.relational.Namespace      : Created database namespace [logicalName=Name{catalog=null, schema=null}, physicalName=Name{catalog=null, schema=null}]
2024-06-02T16:17:35.856+05:30 DEBUG 25640 --- [           main] o.h.boot.model.internal.EntityBinder     : Binding entity from annotated class: ChatAnyWhere.chatanywhere.models.Friend
2024-06-02T16:17:35.864+05:30 DEBUG 25640 --- [           main] o.h.boot.model.internal.EntityBinder     : Import with entity name Friend
2024-06-02T16:17:35.870+05:30 DEBUG 25640 --- [           main] o.h.boot.model.internal.EntityBinder     : Bind entity ChatAnyWhere.chatanywhere.models.Friend on table friend
2024-06-02T16:17:35.881+05:30 DEBUG 25640 --- [           main] o.h.boot.model.internal.AnnotatedColumn  : Binding column: AnnotatedDiscriminatorColumn(column='DTYPE')
2024-06-02T16:17:35.904+05:30 DEBUG 25640 --- [           main] o.h.boot.model.internal.AnnotatedColumn  : Binding column: AnnotatedColumn()
2024-06-02T16:17:35.905+05:30 DEBUG 25640 --- [           main] o.h.boot.internal.ClassLoaderAccessImpl  : Not known whether passed class name [ChatAnyWhere.chatanywhere.models.Friend] is safe
2024-06-02T16:17:35.905+05:30 DEBUG 25640 --- [           main] o.h.boot.internal.ClassLoaderAccessImpl  : No temp ClassLoader provided; using live ClassLoader for loading potentially unsafe class : ChatAnyWhere.chatanywhere.models.Friend
2024-06-02T16:17:35.910+05:30 DEBUG 25640 --- [           main] o.h.boot.model.internal.PropertyBinder   : MetadataSourceProcessor property id with lazy=false
2024-06-02T16:17:35.914+05:30 DEBUG 25640 --- [           main] o.h.b.m.internal.AbstractPropertyHolder  : Attempting to locate auto-apply AttributeConverter for property [ChatAnyWhere.chatanywhere.models.Friend:id]
2024-06-02T16:17:35.919+05:30 DEBUG 25640 --- [           main] o.h.b.model.internal.BasicValueBinder    : building BasicValue for id
2024-06-02T16:17:35.921+05:30 DEBUG 25640 --- [           main] org.hibernate.mapping.BasicValue         : Skipping column re-registration: friend.id
2024-06-02T16:17:35.922+05:30 DEBUG 25640 --- [           main] o.h.boot.model.internal.PropertyBinder   : Building property id
2024-06-02T16:17:35.925+05:30 DEBUG 25640 --- [           main] o.h.boot.model.internal.BinderHelper     : #makeIdGenerator(BasicValue([Column(id)]), id, identity, , ...)
2024-06-02T16:17:35.928+05:30 DEBUG 25640 --- [           main] o.h.boot.model.internal.AnnotatedColumn  : Binding column: AnnotatedJoinColumn()
2024-06-02T16:17:35.928+05:30 DEBUG 25640 --- [           main] o.h.boot.model.internal.AnnotatedColumn  : Binding column: AnnotatedColumn()
2024-06-02T16:17:35.932+05:30 DEBUG 25640 --- [           main] o.h.boot.model.internal.PropertyBinder   : Building property user
2024-06-02T16:17:35.933+05:30 DEBUG 25640 --- [           main] o.h.boot.model.internal.AnnotatedColumn  : Binding column: AnnotatedColumn()
2024-06-02T16:17:35.933+05:30 DEBUG 25640 --- [           main] o.h.boot.model.internal.PropertyBinder   : MetadataSourceProcessor property username with lazy=false
2024-06-02T16:17:35.933+05:30 DEBUG 25640 --- [           main] o.h.b.m.internal.AbstractPropertyHolder  : Attempting to locate auto-apply AttributeConverter for property [ChatAnyWhere.chatanywhere.models.Friend:username]
2024-06-02T16:17:35.934+05:30 DEBUG 25640 --- [           main] o.h.b.model.internal.BasicValueBinder    : building BasicValue for username
2024-06-02T16:17:35.934+05:30 DEBUG 25640 --- [           main] org.hibernate.mapping.BasicValue         : Skipping column re-registration: friend.username
2024-06-02T16:17:35.934+05:30 DEBUG 25640 --- [           main] o.h.boot.model.internal.PropertyBinder   : Building property username
2024-06-02T16:17:35.935+05:30 DEBUG 25640 --- [           main] o.h.b.r.c.i.ClassLoaderServiceImpl       : HHH000194: Package not found or wo package-info.java: ChatAnyWhere.chatanywhere.models
2024-06-02T16:17:35.940+05:30 DEBUG 25640 --- [           main] o.h.boot.model.internal.EntityBinder     : Binding entity from annotated class: ChatAnyWhere.chatanywhere.models.Message
2024-06-02T16:17:35.940+05:30 DEBUG 25640 --- [           main] o.h.boot.model.internal.EntityBinder     : Import with entity name Message
2024-06-02T16:17:35.940+05:30 DEBUG 25640 --- [           main] o.h.boot.model.internal.EntityBinder     : Bind entity ChatAnyWhere.chatanywhere.models.Message on table message
2024-06-02T16:17:35.941+05:30 DEBUG 25640 --- [           main] o.h.boot.model.internal.AnnotatedColumn  : Binding column: AnnotatedDiscriminatorColumn(column='DTYPE')
2024-06-02T16:17:35.944+05:30 DEBUG 25640 --- [           main] o.h.boot.model.internal.AnnotatedColumn  : Binding column: AnnotatedColumn()
2024-06-02T16:17:35.945+05:30 DEBUG 25640 --- [           main] o.h.boot.internal.ClassLoaderAccessImpl  : Not known whether passed class name [ChatAnyWhere.chatanywhere.models.Message] is safe
2024-06-02T16:17:35.945+05:30 DEBUG 25640 --- [           main] o.h.boot.internal.ClassLoaderAccessImpl  : No temp ClassLoader provided; using live ClassLoader for loading potentially unsafe class : ChatAnyWhere.chatanywhere.models.Message
2024-06-02T16:17:35.945+05:30 DEBUG 25640 --- [           main] o.h.boot.model.internal.PropertyBinder   : MetadataSourceProcessor property id with lazy=false
2024-06-02T16:17:35.945+05:30 DEBUG 25640 --- [           main] o.h.b.m.internal.AbstractPropertyHolder  : Attempting to locate auto-apply AttributeConverter for property [ChatAnyWhere.chatanywhere.models.Message:id]
2024-06-02T16:17:35.945+05:30 DEBUG 25640 --- [           main] o.h.b.model.internal.BasicValueBinder    : building BasicValue for id
2024-06-02T16:17:35.945+05:30 DEBUG 25640 --- [           main] org.hibernate.mapping.BasicValue         : Skipping column re-registration: message.id
2024-06-02T16:17:35.945+05:30 DEBUG 25640 --- [           main] o.h.boot.model.internal.PropertyBinder   : Building property id
2024-06-02T16:17:35.945+05:30 DEBUG 25640 --- [           main] o.h.boot.model.internal.BinderHelper     : #makeIdGenerator(BasicValue([Column(id)]), id, identity, , ...)
2024-06-02T16:17:35.948+05:30 DEBUG 25640 --- [           main] o.h.boot.model.internal.AnnotatedColumn  : Binding column: AnnotatedColumn()
2024-06-02T16:17:35.949+05:30 DEBUG 25640 --- [           main] o.h.boot.model.internal.PropertyBinder   : MetadataSourceProcessor property createdOn with lazy=false
2024-06-02T16:17:35.949+05:30 DEBUG 25640 --- [           main] o.h.b.m.internal.AbstractPropertyHolder  : Attempting to locate auto-apply AttributeConverter for property [ChatAnyWhere.chatanywhere.models.Message:createdOn]
2024-06-02T16:17:35.949+05:30 DEBUG 25640 --- [           main] o.h.b.model.internal.BasicValueBinder    : building BasicValue for createdOn
2024-06-02T16:17:35.949+05:30 DEBUG 25640 --- [           main] org.hibernate.mapping.BasicValue         : Skipping column re-registration: message.created_on
2024-06-02T16:17:35.949+05:30 DEBUG 25640 --- [           main] o.h.boot.model.internal.PropertyBinder   : Building property createdOn
2024-06-02T16:17:35.950+05:30 DEBUG 25640 --- [           main] o.h.boot.model.internal.AnnotatedColumn  : Binding column: AnnotatedColumn()
2024-06-02T16:17:35.950+05:30 DEBUG 25640 --- [           main] o.h.boot.model.internal.PropertyBinder   : MetadataSourceProcessor property message with lazy=false
2024-06-02T16:17:35.950+05:30 DEBUG 25640 --- [           main] o.h.b.m.internal.AbstractPropertyHolder  : Attempting to locate auto-apply AttributeConverter for property [ChatAnyWhere.chatanywhere.models.Message:message]
2024-06-02T16:17:35.950+05:30 DEBUG 25640 --- [           main] o.h.b.model.internal.BasicValueBinder    : building BasicValue for message
2024-06-02T16:17:35.950+05:30 DEBUG 25640 --- [           main] org.hibernate.mapping.BasicValue         : Skipping column re-registration: message.message
2024-06-02T16:17:35.951+05:30 DEBUG 25640 --- [           main] o.h.boot.model.internal.PropertyBinder   : Building property message
[...]
         - @ConditionalOnResource did not find resource '${spring.info.build.location:classpath:META-INF/build-info.properties}' (OnResourceCondition)

   ProjectInfoAutoConfiguration#gitProperties:
      Did not match:
         - GitResource did not find git info at classpath:git.properties (ProjectInfoAutoConfiguration.GitResourceAvailableCondition)

   PulsarAutoConfiguration:
      Did not match:
         - @ConditionalOnClass did not find required class 'org.apache.pulsar.client.api.PulsarClient' (OnClassCondition)

   PulsarReactiveAutoConfiguration:
      Did not match:
         - @ConditionalOnClass did not find required class 'org.apache.pulsar.client.api.PulsarClient' (OnClassCondition)

   QuartzAutoConfiguration:
      Did not match:
         - @ConditionalOnClass did not find required class 'org.quartz.Scheduler' (OnClassCondition)

   R2dbcAutoConfiguration:
      Did not match:
         - @ConditionalOnClass did not find required class 'io.r2dbc.spi.ConnectionFactory' (OnClassCondition)

   R2dbcDataAutoConfiguration:
      Did not match:
         - @ConditionalOnClass did not find required class 'org.springframework.data.r2dbc.core.R2dbcEntityTemplate' (OnClassCondition)

   R2dbcInitializationConfiguration:
      Did not match:
         - @ConditionalOnClass did not find required classes 'io.r2dbc.spi.ConnectionFactory', 'org.springframework.r2dbc.connection.init.DatabasePopulator' (OnClassCondition)

   R2dbcRepositoriesAutoConfiguration:
      Did not match:
         - @ConditionalOnClass did not find required class 'io.r2dbc.spi.ConnectionFactory' (OnClassCondition)

   R2dbcTransactionManagerAutoConfiguration:
      Did not match:
         - @ConditionalOnClass did not find required class 'org.springframework.r2dbc.connection.R2dbcTransactionManager' (OnClassCondition)

   RSocketGraphQlClientAutoConfiguration:
      Did not match:
         - @ConditionalOnClass did not find required class 'graphql.GraphQL' (OnClassCondition)

   RSocketMessagingAutoConfiguration:
      Did not match:
         - @ConditionalOnClass did not find required class 'io.rsocket.RSocket' (OnClassCondition)

   RSocketRequesterAutoConfiguration:
      Did not match:
         - @ConditionalOnClass did not find required class 'io.rsocket.RSocket' (OnClassCondition)

   RSocketSecurityAutoConfiguration:
      Did not match:
         - @ConditionalOnClass did not find required class 'org.springframework.security.rsocket.core.SecuritySocketAcceptorInterceptor' (OnClassCondition)

   RSocketServerAutoConfiguration:
      Did not match:
         - @ConditionalOnClass did not find required class 'io.rsocket.core.RSocketServer' (OnClassCondition)

   RSocketStrategiesAutoConfiguration:
      Did not match:
         - @ConditionalOnClass did not find required class 'io.netty.buffer.PooledByteBufAllocator' (OnClassCondition)

   RabbitAutoConfiguration:
      Did not match:
         - @ConditionalOnClass did not find required class 'com.rabbitmq.client.Channel' (OnClassCondition)

   ReactiveElasticsearchClientAutoConfiguration:
      Did not match:
         - @ConditionalOnClass did not find required class 'co.elastic.clients.transport.ElasticsearchTransport' (OnClassCondition)

   ReactiveElasticsearchRepositoriesAutoConfiguration:
      Did not match:
         - @ConditionalOnClass did not find required class 'org.springframework.data.elasticsearch.client.elc.ReactiveElasticsearchClient' (OnClassCondition)

   ReactiveMultipartAutoConfiguration:
      Did not match:
         - @ConditionalOnClass did not find required class 'org.springframework.web.reactive.config.WebFluxConfigurer' (OnClassCondition)

   ReactiveOAuth2ClientAutoConfiguration:
      Did not match:
         - @ConditionalOnClass did not find required class 'reactor.core.publisher.Flux' (OnClassCondition)

   ReactiveOAuth2ResourceServerAutoConfiguration:
      Did not match:
         - @ConditionalOnClass did not find required class 'org.springframework.security.config.annotation.web.reactive.EnableWebFluxSecurity' (OnClassCondition)

   ReactiveSecurityAutoConfiguration:
      Did not match:
         - @ConditionalOnClass did not find required class 'reactor.core.publisher.Flux' (OnClassCondition)

   ReactiveUserDetailsServiceAutoConfiguration:
      Did not match:
         - @ConditionalOnClass did not find required class 'org.springframework.security.authentication.ReactiveAuthenticationManager' (OnClassCondition)

   ReactiveWebServerFactoryAutoConfiguration:
      Did not match:
         - @ConditionalOnWebApplication did not find reactive web application classes (OnWebApplicationCondition)

   ReactorAutoConfiguration:
      Did not match:
         - @ConditionalOnClass did not find required class 'reactor.core.publisher.Hooks' (OnClassCondition)

   RedisAutoConfiguration:
      Did not match:
         - @ConditionalOnClass did not find required class 'org.springframework.data.redis.core.RedisOperations' (OnClassCondition)

   RedisCacheConfiguration:
      Did not match:
         - @ConditionalOnClass did not find required class 'org.springframework.data.redis.connection.RedisConnectionFactory' (OnClassCondition)

   RedisReactiveAutoConfiguration:
      Did not match:
         - @ConditionalOnClass did not find required class 'reactor.core.publisher.Flux' (OnClassCondition)

   RedisRepositoriesAutoConfiguration:
      Did not match:
         - @ConditionalOnClass did not find required class 'org.springframework.data.redis.repository.configuration.EnableRedisRepositories' (OnClassCondition)

   RepositoryRestMvcAutoConfiguration:
      Did not match:
         - @ConditionalOnClass did not find required class 'org.springframework.data.rest.webmvc.config.RepositoryRestMvcConfiguration' (OnClassCondition)

   Saml2RelyingPartyAutoConfiguration:
      Did not match:
         - @ConditionalOnClass did not find required class 'org.springframework.security.saml2.provider.service.registration.RelyingPartyRegistrationRepository' (OnClassCondition)

   SecurityAutoConfiguration:
      Did not match:
         - @ConditionalOnClass did not find required class 'org.springframework.security.authentication.DefaultAuthenticationEventPublisher' (OnClassCondition)

   SecurityFilterAutoConfiguration:
      Did not match:
         - @ConditionalOnClass did not find required class 'org.springframework.security.config.http.SessionCreationPolicy' (OnClassCondition)

   SendGridAutoConfiguration:
      Did not match:
         - @ConditionalOnClass did not find required class 'com.sendgrid.SendGrid' (OnClassCondition)

   ServletWebServerFactoryAutoConfiguration.ForwardedHeaderFilterConfiguration:
      Did not match:
         - @ConditionalOnProperty (server.forward-headers-strategy=framework) did not find property 'server.forward-headers-strategy' (OnPropertyCondition)

   ServletWebServerFactoryConfiguration.EmbeddedJetty:
      Did not match:
         - @ConditionalOnClass did not find required classes 'org.eclipse.jetty.server.Server', 'org.eclipse.jetty.util.Loader', 'org.eclipse.jetty.ee10.webapp.WebAppContext' (OnClassCondition)

   ServletWebServerFactoryConfiguration.EmbeddedUndertow:
      Did not match:
         - @ConditionalOnClass did not find required classes 'io.undertow.Undertow', 'org.xnio.SslClientAuthMode' (OnClassCondition)

   SessionAutoConfiguration:
      Did not match:
         - @ConditionalOnClass did not find required class 'org.springframework.session.Session' (OnClassCondition)

   SpringApplicationAdminJmxAutoConfiguration:
      Did not match:
         - @ConditionalOnProperty (spring.application.admin.enabled=true) did not find property 'enabled' (OnPropertyCondition)

   TaskExecutorConfigurations.SimpleAsyncTaskExecutorBuilderConfiguration#simpleAsyncTaskExecutorBuilderVirtualThreads:
      Did not match:
         - @ConditionalOnMissingBean (types: org.springframework.boot.task.SimpleAsyncTaskExecutorBuilder; SearchStrategy: all) found beans of type 'org.springframework.boot.task.SimpleAsyncTaskExecutorBuilder' simpleAsyncTaskExecutorBuilder (OnBeanCondition)

   TaskExecutorConfigurations.TaskExecutorConfiguration#applicationTaskExecutorVirtualThreads:
      Did not match:
         - @ConditionalOnThreading did not find VIRTUAL (OnThreadingCondition)

   TaskSchedulingAutoConfiguration#scheduledBeanLazyInitializationExcludeFilter:
      Did not match:
         - @ConditionalOnBean (names: org.springframework.context.annotation.internalScheduledAnnotationProcessor; SearchStrategy: all) did not find any beans named org.springframework.context.annotation.internalScheduledAnnotationProcessor (OnBeanCondition)

   TaskSchedulingConfigurations.SimpleAsyncTaskSchedulerBuilderConfiguration#simpleAsyncTaskSchedulerBuilderVirtualThreads:
      Did not match:
         - @ConditionalOnMissingBean (types: org.springframework.boot.task.SimpleAsyncTaskSchedulerBuilder; SearchStrategy: all) found beans of type 'org.springframework.boot.task.SimpleAsyncTaskSchedulerBuilder' simpleAsyncTaskSchedulerBuilder (OnBeanCondition)

   TaskSchedulingConfigurations.TaskSchedulerConfiguration:
      Did not match:
         - @ConditionalOnBean (names: org.springframework.context.annotation.internalScheduledAnnotationProcessor; SearchStrategy: all) did not find any beans named org.springframework.context.annotation.internalScheduledAnnotationProcessor (OnBeanCondition)

   ThymeleafAutoConfiguration:
      Did not match:
         - @ConditionalOnClass did not find required class 'org.thymeleaf.spring6.SpringTemplateEngine' (OnClassCondition)

   TransactionAutoConfiguration#transactionalOperator:
      Did not match:
         - @ConditionalOnSingleCandidate (types: org.springframework.transaction.ReactiveTransactionManager; SearchStrategy: all) did not find any beans (OnBeanCondition)

   TransactionAutoConfiguration.AspectJTransactionManagementConfiguration:
      Did not match:
         - @ConditionalOnBean (types: org.springframework.transaction.aspectj.AbstractTransactionAspect; SearchStrategy: all) did not find any beans of type org.springframework.transaction.aspectj.AbstractTransactionAspect (OnBeanCondition)

   TransactionAutoConfiguration.EnableTransactionManagementConfiguration.JdkDynamicAutoProxyConfiguration:
      Did not match:
         - @ConditionalOnProperty (spring.aop.proxy-target-class=false) did not find property 'proxy-target-class' (OnPropertyCondition)

   UserDetailsServiceAutoConfiguration:
      Did not match:
         - @ConditionalOnClass did not find required class 'org.springframework.security.authentication.AuthenticationManager' (OnClassCondition)

   WebClientAutoConfiguration:
      Did not match:
         - @ConditionalOnClass did not find required class 'org.springframework.web.reactive.function.client.WebClient' (OnClassCondition)

   WebFluxAutoConfiguration:
      Did not match:
         - @ConditionalOnClass did not find required class 'org.springframework.web.reactive.config.WebFluxConfigurer' (OnClassCondition)

   WebMvcAutoConfiguration#hiddenHttpMethodFilter:
      Did not match:
         - @ConditionalOnProperty (spring.mvc.hiddenmethod.filter.enabled) did not find property 'enabled' (OnPropertyCondition)

   WebMvcAutoConfiguration.ProblemDetailsErrorHandlingConfiguration:
      Did not match:
         - @ConditionalOnProperty (spring.mvc.problemdetails.enabled=true) did not find property 'enabled' (OnPropertyCondition)

   WebMvcAutoConfiguration.ResourceChainCustomizerConfiguration:
      Did not match:
         - @ConditionalOnEnabledResourceChain did not find class org.webjars.WebJarAssetLocator (OnEnabledResourceChainCondition)

   WebMvcAutoConfiguration.WebMvcAutoConfigurationAdapter#beanNameViewResolver:
      Did not match:
         - @ConditionalOnMissingBean (types: org.springframework.web.servlet.view.BeanNameViewResolver; SearchStrategy: all) found beans of type 'org.springframework.web.servlet.view.BeanNameViewResolver' beanNameViewResolver (OnBeanCondition)

   WebServiceTemplateAutoConfiguration:
      Did not match:
         - @ConditionalOnClass did not find required class 'org.springframework.oxm.Marshaller' (OnClassCondition)

   WebServicesAutoConfiguration:
      Did not match:
         - @ConditionalOnClass did not find required class 'org.springframework.ws.transport.http.MessageDispatcherServlet' (OnClassCondition)

   WebSessionIdResolverAutoConfiguration:
      Did not match:
         - @ConditionalOnClass did not find required class 'reactor.core.publisher.Mono' (OnClassCondition)

   WebSocketMessagingAutoConfiguration:
      Did not match:
         - @ConditionalOnClass did not find required class 'org.springframework.web.socket.config.annotation.WebSocketMessageBrokerConfigurer' (OnClassCondition)

   WebSocketReactiveAutoConfiguration:
      Did not match:
         - @ConditionalOnWebApplication did not find reactive web application classes (OnWebApplicationCondition)

   WebSocketServletAutoConfiguration.JettyWebSocketConfiguration:
      Did not match:
         - @ConditionalOnClass did not find required class 'org.eclipse.jetty.ee10.websocket.jakarta.server.config.JakartaWebSocketServletContainerInitializer' (OnClassCondition)

   WebSocketServletAutoConfiguration.UndertowWebSocketConfiguration:
      Did not match:
         - @ConditionalOnClass did not find required class 'io.undertow.websockets.jsr.Bootstrap' (OnClassCondition)

   XADataSourceAutoConfiguration:
      Did not match:
         - @ConditionalOnBean (types: org.springframework.boot.jdbc.XADataSourceWrapper; SearchStrategy: all) did not find any beans of type org.springframework.boot.jdbc.XADataSourceWrapper (OnBeanCondition)
      Matched:
         - @ConditionalOnClass found required classes 'javax.sql.DataSource', 'jakarta.transaction.TransactionManager', 'org.springframework.jdbc.datasource.embedded.EmbeddedDatabaseType' (OnClassCondition)


Exclusions:
-----------

    None


Unconditional classes:
----------------------

    org.springframework.boot.autoconfigure.context.ConfigurationPropertiesAutoConfiguration

    org.springframework.boot.autoconfigure.ssl.SslAutoConfiguration

    org.springframework.boot.autoconfigure.context.LifecycleAutoConfiguration

    org.springframework.boot.autoconfigure.context.PropertyPlaceholderAutoConfiguration

    org.springframework.boot.autoconfigure.availability.ApplicationAvailabilityAutoConfiguration

    org.springframework.boot.autoconfigure.info.ProjectInfoAutoConfiguration



2024-06-02T16:17:41.086+05:30  INFO 25640 --- [           main] C.c.ChatanywhereApplicationTests         : Started ChatanywhereApplicationTests in 12.433 seconds (process running for 14.392)
2024-06-02T16:17:41.090+05:30 DEBUG 25640 --- [           main] o.s.b.a.ApplicationAvailabilityBean      : Application availability state LivenessState changed to CORRECT
2024-06-02T16:17:41.094+05:30 DEBUG 25640 --- [           main] o.s.b.a.ApplicationAvailabilityBean      : Application availability state ReadinessState changed to ACCEPTING_TRAFFIC
2024-06-02T16:17:41.098+05:30 DEBUG 25640 --- [           main] org.springframework.test.context.cache   : Spring test ApplicationContext cache statistics: [DefaultContextCache@247877f3 size = 1, maxSize = 32, parentContextCount = 0, hitCount = 0, missCount = 1, failureCount = 0]
2024-06-02T16:17:41.099+05:30 DEBUG 25640 --- [           main] o.s.t.c.w.ServletTestExecutionListener   : Setting up MockHttpServletRequest, MockHttpServletResponse, ServletWebRequest, and RequestContextHolder for test class ChatAnyWhere.chatanywhere.ChatanywhereApplicationTests
2024-06-02T16:17:41.129+05:30 DEBUG 25640 --- [           main] DependencyInjectionTestExecutionListener : Performing dependency injection for test class ChatAnyWhere.chatanywhere.ChatanywhereApplicationTests
2024-06-02T16:17:41.129+05:30 DEBUG 25640 --- [           main] org.springframework.test.context.cache   : Spring test ApplicationContext cache statistics: [DefaultContextCache@247877f3 size = 1, maxSize = 32, parentContextCount = 0, hitCount = 1, missCount = 1, failureCount = 0]
2024-06-02T16:17:41.132+05:30 DEBUG 25640 --- [           main] org.springframework.test.context.cache   : Spring test ApplicationContext cache statistics: [DefaultContextCache@247877f3 size = 1, maxSize = 32, parentContextCount = 0, hitCount = 2, missCount = 1, failureCount = 0]
2024-06-02T16:17:41.146+05:30 DEBUG 25640 --- [           main] sContextBeforeModesTestExecutionListener : Before test method: class [ChatanywhereApplicationTests], method [contextLoads], class annotated with @DirtiesContext [false] with mode [null], method annotated with @DirtiesContext [false] with mode [null]
2024-06-02T16:17:41.150+05:30 DEBUG 25640 --- [           main] org.springframework.test.context.cache   : Spring test ApplicationContext cache statistics: [DefaultContextCache@247877f3 size = 1, maxSize = 32, parentContextCount = 0, hitCount = 3, missCount = 1, failureCount = 0]
2024-06-02T16:17:41.150+05:30 DEBUG 25640 --- [           main] org.springframework.test.context.cache   : Spring test ApplicationContext cache statistics: [DefaultContextCache@247877f3 size = 1, maxSize = 32, parentContextCount = 0, hitCount = 4, missCount = 1, failureCount = 0]
2024-06-02T16:17:41.382+05:30 DEBUG 25640 --- [onnection adder] jdk.event.security                       :  TLSHandshake: roundhouse.proxy.rlwy.net:31826, TLSv1.3, TLS_AES_256_GCM_SHA384, -432508188
2024-06-02T16:17:42.036+05:30 DEBUG 25640 --- [           main] org.springframework.test.context.cache   : Spring test ApplicationContext cache statistics: [DefaultContextCache@247877f3 size = 1, maxSize = 32, parentContextCount = 0, hitCount = 5, missCount = 1, failureCount = 0]
2024-06-02T16:17:42.046+05:30 DEBUG 25640 --- [           main] org.springframework.test.context.cache   : Spring test ApplicationContext cache statistics: [DefaultContextCache@247877f3 size = 1, maxSize = 32, parentContextCount = 0, hitCount = 6, missCount = 1, failureCount = 0]
2024-06-02T16:17:42.048+05:30 DEBUG 25640 --- [           main] org.springframework.test.context.cache   : Spring test ApplicationContext cache statistics: [DefaultContextCache@247877f3 size = 1, maxSize = 32, parentContextCount = 0, hitCount = 7, missCount = 1, failureCount = 0]
2024-06-02T16:17:42.048+05:30 DEBUG 25640 --- [           main] org.springframework.test.context.cache   : Spring test ApplicationContext cache statistics: [DefaultContextCache@247877f3 size = 1, maxSize = 32, parentContextCount = 0, hitCount = 8, missCount = 1, failureCount = 0]
2024-06-02T16:17:42.050+05:30 DEBUG 25640 --- [           main] org.springframework.test.context.cache   : Spring test ApplicationContext cache statistics: [DefaultContextCache@247877f3 size = 1, maxSize = 32, parentContextCount = 0, hitCount = 9, missCount = 1, failureCount = 0]
2024-06-02T16:17:42.054+05:30 DEBUG 25640 --- [           main] org.springframework.test.context.cache   : Spring test ApplicationContext cache statistics: [DefaultContextCache@247877f3 size = 1, maxSize = 32, parentContextCount = 0, hitCount = 10, missCount = 1, failureCount = 0]
2024-06-02T16:17:42.056+05:30 DEBUG 25640 --- [           main] org.springframework.test.context.cache   : Spring test ApplicationContext cache statistics: [DefaultContextCache@247877f3 size = 1, maxSize = 32, parentContextCount = 0, hitCount = 11, missCount = 1, failureCount = 0]
2024-06-02T16:17:42.058+05:30 DEBUG 25640 --- [           main] .c.s.DirtiesContextTestExecutionListener : After test method: class [ChatanywhereApplicationTests], method [contextLoads], class annotated with @DirtiesContext [false] with mode [null], method annotated with @DirtiesContext [false] with mode [null]
2024-06-02T16:17:42.058+05:30 DEBUG 25640 --- [           main] o.s.t.c.w.ServletTestExecutionListener   : Resetting RequestContextHolder for test class ChatAnyWhere.chatanywhere.ChatanywhereApplicationTests
]]></system-out>
  </testcase>
</testsuite>